<?xml version="1.0" encoding="UTF-8"?>
<testsuite xmlns:xsi="http://www.w3.org/2001/XMLSchema-instance" xsi:noNamespaceSchemaLocation="https://maven.apache.org/surefire/maven-surefire-plugin/xsd/surefire-test-report-3.0.xsd" version="3.0" name="testRunner.TestRunner" time="19.054" tests="1" errors="0" skipped="0" failures="0">
  <properties>
    <property name="java.specification.version" value="19"/>
    <property name="sun.cpu.isalist" value="amd64"/>
    <property name="sun.jnu.encoding" value="Cp1252"/>
    <property name="java.class.path" value="C:\Users\frost\IdeaProjects\Appium_Base_Cucumber_POM\target\test-classes;C:\Users\frost\IdeaProjects\Appium_Base_Cucumber_POM\target\classes;C:\Users\frost\.m2\repository\io\cucumber\cucumber-java\7.16.0\cucumber-java-7.16.0.jar;C:\Users\frost\.m2\repository\io\cucumber\cucumber-core\7.16.0\cucumber-core-7.16.0.jar;C:\Users\frost\.m2\repository\io\cucumber\cucumber-gherkin\7.16.0\cucumber-gherkin-7.16.0.jar;C:\Users\frost\.m2\repository\io\cucumber\cucumber-gherkin-messages\7.16.0\cucumber-gherkin-messages-7.16.0.jar;C:\Users\frost\.m2\repository\io\cucumber\gherkin\28.0.0\gherkin-28.0.0.jar;C:\Users\frost\.m2\repository\io\cucumber\messages\24.0.1\messages-24.0.1.jar;C:\Users\frost\.m2\repository\io\cucumber\tag-expressions\6.1.0\tag-expressions-6.1.0.jar;C:\Users\frost\.m2\repository\io\cucumber\cucumber-expressions\17.1.0\cucumber-expressions-17.1.0.jar;C:\Users\frost\.m2\repository\io\cucumber\datatable\7.16.0\datatable-7.16.0.jar;C:\Users\frost\.m2\repository\io\cucumber\cucumber-plugin\7.16.0\cucumber-plugin-7.16.0.jar;C:\Users\frost\.m2\repository\io\cucumber\docstring\7.16.0\docstring-7.16.0.jar;C:\Users\frost\.m2\repository\io\cucumber\html-formatter\21.3.0\html-formatter-21.3.0.jar;C:\Users\frost\.m2\repository\io\cucumber\junit-xml-formatter\0.2.1\junit-xml-formatter-0.2.1.jar;C:\Users\frost\.m2\repository\io\cucumber\ci-environment\10.0.1\ci-environment-10.0.1.jar;C:\Users\frost\.m2\repository\org\apiguardian\apiguardian-api\1.1.2\apiguardian-api-1.1.2.jar;C:\Users\frost\.m2\repository\io\cucumber\cucumber-junit\7.16.0\cucumber-junit-7.16.0.jar;C:\Users\frost\.m2\repository\junit\junit\4.13.2\junit-4.13.2.jar;C:\Users\frost\.m2\repository\org\hamcrest\hamcrest-core\1.3\hamcrest-core-1.3.jar;C:\Users\frost\.m2\repository\io\cucumber\cucumber-picocontainer\7.16.0\cucumber-picocontainer-7.16.0.jar;C:\Users\frost\.m2\repository\org\picocontainer\picocontainer\2.15\picocontainer-2.15.jar;C:\Users\frost\.m2\repository\net\serenity-bdd\serenity-core\4.2.1\serenity-core-4.2.1.jar;C:\Users\frost\.m2\repository\net\serenity-bdd\serenity-model\4.2.1\serenity-model-4.2.1.jar;C:\Users\frost\.m2\repository\org\apache\commons\commons-text\1.12.0\commons-text-1.12.0.jar;C:\Users\frost\.m2\repository\commons-net\commons-net\3.11.1\commons-net-3.11.1.jar;C:\Users\frost\.m2\repository\com\google\guava\guava\33.2.1-jre\guava-33.2.1-jre.jar;C:\Users\frost\.m2\repository\com\google\guava\failureaccess\1.0.2\failureaccess-1.0.2.jar;C:\Users\frost\.m2\repository\com\google\guava\listenablefuture\9999.0-empty-to-avoid-conflict-with-guava\listenablefuture-9999.0-empty-to-avoid-conflict-with-guava.jar;C:\Users\frost\.m2\repository\com\google\code\findbugs\jsr305\3.0.2\jsr305-3.0.2.jar;C:\Users\frost\.m2\repository\org\checkerframework\checker-qual\3.42.0\checker-qual-3.42.0.jar;C:\Users\frost\.m2\repository\com\google\j2objc\j2objc-annotations\3.0.0\j2objc-annotations-3.0.0.jar;C:\Users\frost\.m2\repository\org\jsoup\jsoup\1.15.4\jsoup-1.15.4.jar;C:\Users\frost\.m2\repository\com\thoughtworks\xstream\xstream\1.4.20\xstream-1.4.20.jar;C:\Users\frost\.m2\repository\io\github\x-stream\mxparser\1.2.2\mxparser-1.2.2.jar;C:\Users\frost\.m2\repository\xmlpull\xmlpull\1.1.3.1\xmlpull-1.1.3.1.jar;C:\Users\frost\.m2\repository\com\typesafe\config\1.4.3\config-1.4.3.jar;C:\Users\frost\.m2\repository\org\imgscalr\imgscalr-lib\4.2\imgscalr-lib-4.2.jar;C:\Users\frost\.m2\repository\org\awaitility\awaitility\4.2.2\awaitility-4.2.2.jar;C:\Users\frost\.m2\repository\io\github\classgraph\classgraph\4.8.157\classgraph-4.8.157.jar;C:\Users\frost\.m2\repository\com\github\ben-manes\caffeine\caffeine\2.9.2\caffeine-2.9.2.jar;C:\Users\frost\.m2\repository\org\ehcache\ehcache\3.10.8\ehcache-3.10.8.jar;C:\Users\frost\.m2\repository\javax\cache\cache-api\1.1.0\cache-api-1.1.0.jar;C:\Users\frost\.m2\repository\net\sourceforge\jexcelapi\jxl\2.6.12\jxl-2.6.12.jar;C:\Users\frost\.m2\repository\net\bytebuddy\byte-buddy\1.14.18\byte-buddy-1.14.18.jar;C:\Users\frost\.m2\repository\net\bytebuddy\byte-buddy-agent\1.14.18\byte-buddy-agent-1.14.18.jar;C:\Users\frost\.m2\repository\org\objenesis\objenesis\3.3\objenesis-3.3.jar;C:\Users\frost\.m2\repository\com\vladsch\flexmark\flexmark-all\0.64.8\flexmark-all-0.64.8.jar;C:\Users\frost\.m2\repository\com\vladsch\flexmark\flexmark\0.64.8\flexmark-0.64.8.jar;C:\Users\frost\.m2\repository\com\vladsch\flexmark\flexmark-ext-abbreviation\0.64.8\flexmark-ext-abbreviation-0.64.8.jar;C:\Users\frost\.m2\repository\com\vladsch\flexmark\flexmark-ext-admonition\0.64.8\flexmark-ext-admonition-0.64.8.jar;C:\Users\frost\.m2\repository\com\vladsch\flexmark\flexmark-ext-anchorlink\0.64.8\flexmark-ext-anchorlink-0.64.8.jar;C:\Users\frost\.m2\repository\com\vladsch\flexmark\flexmark-ext-aside\0.64.8\flexmark-ext-aside-0.64.8.jar;C:\Users\frost\.m2\repository\com\vladsch\flexmark\flexmark-ext-attributes\0.64.8\flexmark-ext-attributes-0.64.8.jar;C:\Users\frost\.m2\repository\com\vladsch\flexmark\flexmark-ext-autolink\0.64.8\flexmark-ext-autolink-0.64.8.jar;C:\Users\frost\.m2\repository\org\nibor\autolink\autolink\0.6.0\autolink-0.6.0.jar;C:\Users\frost\.m2\repository\com\vladsch\flexmark\flexmark-ext-definition\0.64.8\flexmark-ext-definition-0.64.8.jar;C:\Users\frost\.m2\repository\com\vladsch\flexmark\flexmark-ext-emoji\0.64.8\flexmark-ext-emoji-0.64.8.jar;C:\Users\frost\.m2\repository\com\vladsch\flexmark\flexmark-ext-enumerated-reference\0.64.8\flexmark-ext-enumerated-reference-0.64.8.jar;C:\Users\frost\.m2\repository\com\vladsch\flexmark\flexmark-ext-escaped-character\0.64.8\flexmark-ext-escaped-character-0.64.8.jar;C:\Users\frost\.m2\repository\com\vladsch\flexmark\flexmark-ext-footnotes\0.64.8\flexmark-ext-footnotes-0.64.8.jar;C:\Users\frost\.m2\repository\com\vladsch\flexmark\flexmark-ext-gfm-issues\0.64.8\flexmark-ext-gfm-issues-0.64.8.jar;C:\Users\frost\.m2\repository\com\vladsch\flexmark\flexmark-ext-gfm-strikethrough\0.64.8\flexmark-ext-gfm-strikethrough-0.64.8.jar;C:\Users\frost\.m2\repository\com\vladsch\flexmark\flexmark-ext-gfm-tasklist\0.64.8\flexmark-ext-gfm-tasklist-0.64.8.jar;C:\Users\frost\.m2\repository\com\vladsch\flexmark\flexmark-ext-gfm-users\0.64.8\flexmark-ext-gfm-users-0.64.8.jar;C:\Users\frost\.m2\repository\com\vladsch\flexmark\flexmark-ext-gitlab\0.64.8\flexmark-ext-gitlab-0.64.8.jar;C:\Users\frost\.m2\repository\com\vladsch\flexmark\flexmark-ext-jekyll-front-matter\0.64.8\flexmark-ext-jekyll-front-matter-0.64.8.jar;C:\Users\frost\.m2\repository\com\vladsch\flexmark\flexmark-ext-jekyll-tag\0.64.8\flexmark-ext-jekyll-tag-0.64.8.jar;C:\Users\frost\.m2\repository\com\vladsch\flexmark\flexmark-ext-media-tags\0.64.8\flexmark-ext-media-tags-0.64.8.jar;C:\Users\frost\.m2\repository\com\vladsch\flexmark\flexmark-ext-macros\0.64.8\flexmark-ext-macros-0.64.8.jar;C:\Users\frost\.m2\repository\com\vladsch\flexmark\flexmark-ext-ins\0.64.8\flexmark-ext-ins-0.64.8.jar;C:\Users\frost\.m2\repository\com\vladsch\flexmark\flexmark-ext-xwiki-macros\0.64.8\flexmark-ext-xwiki-macros-0.64.8.jar;C:\Users\frost\.m2\repository\com\vladsch\flexmark\flexmark-ext-superscript\0.64.8\flexmark-ext-superscript-0.64.8.jar;C:\Users\frost\.m2\repository\com\vladsch\flexmark\flexmark-ext-toc\0.64.8\flexmark-ext-toc-0.64.8.jar;C:\Users\frost\.m2\repository\com\vladsch\flexmark\flexmark-ext-typographic\0.64.8\flexmark-ext-typographic-0.64.8.jar;C:\Users\frost\.m2\repository\com\vladsch\flexmark\flexmark-ext-wikilink\0.64.8\flexmark-ext-wikilink-0.64.8.jar;C:\Users\frost\.m2\repository\com\vladsch\flexmark\flexmark-ext-yaml-front-matter\0.64.8\flexmark-ext-yaml-front-matter-0.64.8.jar;C:\Users\frost\.m2\repository\com\vladsch\flexmark\flexmark-ext-youtube-embedded\0.64.8\flexmark-ext-youtube-embedded-0.64.8.jar;C:\Users\frost\.m2\repository\com\vladsch\flexmark\flexmark-html2md-converter\0.64.8\flexmark-html2md-converter-0.64.8.jar;C:\Users\frost\.m2\repository\com\vladsch\flexmark\flexmark-jira-converter\0.64.8\flexmark-jira-converter-0.64.8.jar;C:\Users\frost\.m2\repository\com\vladsch\flexmark\flexmark-pdf-converter\0.64.8\flexmark-pdf-converter-0.64.8.jar;C:\Users\frost\.m2\repository\com\openhtmltopdf\openhtmltopdf-core\1.0.10\openhtmltopdf-core-1.0.10.jar;C:\Users\frost\.m2\repository\com\openhtmltopdf\openhtmltopdf-pdfbox\1.0.10\openhtmltopdf-pdfbox-1.0.10.jar;C:\Users\frost\.m2\repository\org\apache\pdfbox\xmpbox\2.0.24\xmpbox-2.0.24.jar;C:\Users\frost\.m2\repository\com\openhtmltopdf\openhtmltopdf-rtl-support\1.0.10\openhtmltopdf-rtl-support-1.0.10.jar;C:\Users\frost\.m2\repository\com\vladsch\flexmark\flexmark-profile-pegdown\0.64.8\flexmark-profile-pegdown-0.64.8.jar;C:\Users\frost\.m2\repository\com\vladsch\flexmark\flexmark-util-ast\0.64.8\flexmark-util-ast-0.64.8.jar;C:\Users\frost\.m2\repository\org\jetbrains\annotations\24.0.1\annotations-24.0.1.jar;C:\Users\frost\.m2\repository\com\vladsch\flexmark\flexmark-util-builder\0.64.8\flexmark-util-builder-0.64.8.jar;C:\Users\frost\.m2\repository\com\vladsch\flexmark\flexmark-util-collection\0.64.8\flexmark-util-collection-0.64.8.jar;C:\Users\frost\.m2\repository\com\vladsch\flexmark\flexmark-util-data\0.64.8\flexmark-util-data-0.64.8.jar;C:\Users\frost\.m2\repository\com\vladsch\flexmark\flexmark-util-dependency\0.64.8\flexmark-util-dependency-0.64.8.jar;C:\Users\frost\.m2\repository\com\vladsch\flexmark\flexmark-util-format\0.64.8\flexmark-util-format-0.64.8.jar;C:\Users\frost\.m2\repository\com\vladsch\flexmark\flexmark-util-html\0.64.8\flexmark-util-html-0.64.8.jar;C:\Users\frost\.m2\repository\com\vladsch\flexmark\flexmark-util-misc\0.64.8\flexmark-util-misc-0.64.8.jar;C:\Users\frost\.m2\repository\com\vladsch\flexmark\flexmark-util-options\0.64.8\flexmark-util-options-0.64.8.jar;C:\Users\frost\.m2\repository\com\vladsch\flexmark\flexmark-util-sequence\0.64.8\flexmark-util-sequence-0.64.8.jar;C:\Users\frost\.m2\repository\com\vladsch\flexmark\flexmark-util-visitor\0.64.8\flexmark-util-visitor-0.64.8.jar;C:\Users\frost\.m2\repository\com\vladsch\flexmark\flexmark-youtrack-converter\0.64.8\flexmark-youtrack-converter-0.64.8.jar;C:\Users\frost\.m2\repository\com\vladsch\flexmark\flexmark-ext-resizable-image\0.64.8\flexmark-ext-resizable-image-0.64.8.jar;C:\Users\frost\.m2\repository\com\vladsch\flexmark\flexmark-ext-tables\0.64.8\flexmark-ext-tables-0.64.8.jar;C:\Users\frost\.m2\repository\com\vladsch\flexmark\flexmark-util\0.64.8\flexmark-util-0.64.8.jar;C:\Users\frost\.m2\repository\net\serenity-bdd\serenity-reports\4.2.1\serenity-reports-4.2.1.jar;C:\Users\frost\.m2\repository\net\serenity-bdd\serenity-stats\4.2.1\serenity-stats-4.2.1.jar;C:\Users\frost\.m2\repository\org\jetbrains\kotlin\kotlin-stdlib\1.9.24\kotlin-stdlib-1.9.24.jar;C:\Users\frost\.m2\repository\net\serenity-bdd\serenity-reports-configuration\4.2.1\serenity-reports-configuration-4.2.1.jar;C:\Users\frost\.m2\repository\com\ibm\icu\icu4j\72.1\icu4j-72.1.jar;C:\Users\frost\.m2\repository\es\nitaur\markdown\txtmark\0.16\txtmark-0.16.jar;C:\Users\frost\.m2\repository\net\serenity-bdd\serenity-report-resources\4.2.1\serenity-report-resources-4.2.1.jar;C:\Users\frost\.m2\repository\com\google\code\gson\gson\2.11.0\gson-2.11.0.jar;C:\Users\frost\.m2\repository\com\google\errorprone\error_prone_annotations\2.27.0\error_prone_annotations-2.27.0.jar;C:\Users\frost\.m2\repository\com\fasterxml\jackson\core\jackson-core\2.17.2\jackson-core-2.17.2.jar;C:\Users\frost\.m2\repository\com\fasterxml\jackson\core\jackson-databind\2.17.2\jackson-databind-2.17.2.jar;C:\Users\frost\.m2\repository\com\fasterxml\jackson\core\jackson-annotations\2.17.2\jackson-annotations-2.17.2.jar;C:\Users\frost\.m2\repository\commons-codec\commons-codec\1.17.1\commons-codec-1.17.1.jar;C:\Users\frost\.m2\repository\org\apache\httpcomponents\httpclient\4.5.13\httpclient-4.5.13.jar;C:\Users\frost\.m2\repository\org\apache\httpcomponents\httpcore\4.4.13\httpcore-4.4.13.jar;C:\Users\frost\.m2\repository\commons-logging\commons-logging\1.2\commons-logging-1.2.jar;C:\Users\frost\.m2\repository\org\seleniumhq\selenium\selenium-api\4.23.1\selenium-api-4.23.1.jar;C:\Users\frost\.m2\repository\org\seleniumhq\selenium\selenium-support\4.23.1\selenium-support-4.23.1.jar;C:\Users\frost\.m2\repository\com\google\auto\service\auto-service-annotations\1.1.1\auto-service-annotations-1.1.1.jar;C:\Users\frost\.m2\repository\org\seleniumhq\selenium\selenium-json\4.23.1\selenium-json-4.23.1.jar;C:\Users\frost\.m2\repository\org\seleniumhq\selenium\selenium-chrome-driver\4.23.1\selenium-chrome-driver-4.23.1.jar;C:\Users\frost\.m2\repository\org\seleniumhq\selenium\selenium-chromium-driver\4.23.1\selenium-chromium-driver-4.23.1.jar;C:\Users\frost\.m2\repository\org\seleniumhq\selenium\selenium-manager\4.23.1\selenium-manager-4.23.1.jar;C:\Users\frost\.m2\repository\org\seleniumhq\selenium\selenium-firefox-driver\4.23.1\selenium-firefox-driver-4.23.1.jar;C:\Users\frost\.m2\repository\org\seleniumhq\selenium\selenium-http\4.23.1\selenium-http-4.23.1.jar;C:\Users\frost\.m2\repository\dev\failsafe\failsafe\3.3.2\failsafe-3.3.2.jar;C:\Users\frost\.m2\repository\org\seleniumhq\selenium\selenium-edge-driver\4.23.1\selenium-edge-driver-4.23.1.jar;C:\Users\frost\.m2\repository\org\seleniumhq\selenium\selenium-ie-driver\4.23.1\selenium-ie-driver-4.23.1.jar;C:\Users\frost\.m2\repository\org\htmlunit\htmlunit\4.4.0\htmlunit-4.4.0.jar;C:\Users\frost\.m2\repository\org\apache\httpcomponents\httpmime\4.5.14\httpmime-4.5.14.jar;C:\Users\frost\.m2\repository\org\htmlunit\htmlunit-core-js\4.4.0\htmlunit-core-js-4.4.0.jar;C:\Users\frost\.m2\repository\org\htmlunit\neko-htmlunit\4.4.0\neko-htmlunit-4.4.0.jar;C:\Users\frost\.m2\repository\org\htmlunit\htmlunit-cssparser\4.4.0\htmlunit-cssparser-4.4.0.jar;C:\Users\frost\.m2\repository\org\htmlunit\htmlunit-xpath\4.4.0\htmlunit-xpath-4.4.0.jar;C:\Users\frost\.m2\repository\org\htmlunit\htmlunit-csp\4.4.0\htmlunit-csp-4.4.0.jar;C:\Users\frost\.m2\repository\org\htmlunit\htmlunit-websocket-client\4.4.0\htmlunit-websocket-client-4.4.0.jar;C:\Users\frost\.m2\repository\org\brotli\dec\0.1.2\dec-0.1.2.jar;C:\Users\frost\.m2\repository\org\seleniumhq\selenium\htmlunit3-driver\4.23.0\htmlunit3-driver-4.23.0.jar;C:\Users\frost\.m2\repository\org\apache\groovy\groovy\4.0.22\groovy-4.0.22.jar;C:\Users\frost\.m2\repository\net\sf\opencsv\opencsv\2.1\opencsv-2.1.jar;C:\Users\frost\.m2\repository\org\apache\commons\commons-lang3\3.16.0\commons-lang3-3.16.0.jar;C:\Users\frost\.m2\repository\org\apache\commons\commons-compress\1.27.0\commons-compress-1.27.0.jar;C:\Users\frost\.m2\repository\org\fluentlenium\fluentlenium-core\0.10.2\fluentlenium-core-0.10.2.jar;C:\Users\frost\.m2\repository\com\jhlabs\filters\2.0.235\filters-2.0.235.jar;C:\Users\frost\.m2\repository\com\paulhammant\ngwebdriver\1.2\ngwebdriver-1.2.jar;C:\Users\frost\.m2\repository\joda-time\joda-time\2.12.7\joda-time-2.12.7.jar;C:\Users\frost\.m2\repository\org\hamcrest\hamcrest\2.2\hamcrest-2.2.jar;C:\Users\frost\.m2\repository\com\google\jimfs\jimfs\1.3.0\jimfs-1.3.0.jar;C:\Users\frost\.m2\repository\org\mockito\mockito-core\3.3.3\mockito-core-3.3.3.jar;C:\Users\frost\.m2\repository\javax\xml\bind\jaxb-api\2.3.1\jaxb-api-2.3.1.jar;C:\Users\frost\.m2\repository\javax\activation\javax.activation-api\1.2.0\javax.activation-api-1.2.0.jar;C:\Users\frost\.m2\repository\com\sun\xml\bind\jaxb-core\2.3.0.1\jaxb-core-2.3.0.1.jar;C:\Users\frost\.m2\repository\com\sun\xml\bind\jaxb-impl\2.3.3\jaxb-impl-2.3.3.jar;C:\Users\frost\.m2\repository\jakarta\xml\bind\jakarta.xml.bind-api\2.3.3\jakarta.xml.bind-api-2.3.3.jar;C:\Users\frost\.m2\repository\com\sun\activation\jakarta.activation\1.2.2\jakarta.activation-1.2.2.jar;C:\Users\frost\.m2\repository\javax\activation\activation\1.1.1\activation-1.1.1.jar;C:\Users\frost\.m2\repository\io\appium\java-client\9.2.2\java-client-9.2.2.jar;C:\Users\frost\.m2\repository\org\seleniumhq\selenium\selenium-remote-driver\4.24.0\selenium-remote-driver-4.24.0.jar;C:\Users\frost\.m2\repository\io\opentelemetry\semconv\opentelemetry-semconv\1.25.0-alpha\opentelemetry-semconv-1.25.0-alpha.jar;C:\Users\frost\.m2\repository\io\opentelemetry\opentelemetry-api\1.41.0\opentelemetry-api-1.41.0.jar;C:\Users\frost\.m2\repository\io\opentelemetry\opentelemetry-context\1.41.0\opentelemetry-context-1.41.0.jar;C:\Users\frost\.m2\repository\io\opentelemetry\opentelemetry-exporter-logging\1.41.0\opentelemetry-exporter-logging-1.41.0.jar;C:\Users\frost\.m2\repository\io\opentelemetry\opentelemetry-sdk-common\1.41.0\opentelemetry-sdk-common-1.41.0.jar;C:\Users\frost\.m2\repository\io\opentelemetry\opentelemetry-sdk-extension-autoconfigure-spi\1.41.0\opentelemetry-sdk-extension-autoconfigure-spi-1.41.0.jar;C:\Users\frost\.m2\repository\io\opentelemetry\opentelemetry-sdk-extension-autoconfigure\1.41.0\opentelemetry-sdk-extension-autoconfigure-1.41.0.jar;C:\Users\frost\.m2\repository\io\opentelemetry\opentelemetry-api-incubator\1.41.0-alpha\opentelemetry-api-incubator-1.41.0-alpha.jar;C:\Users\frost\.m2\repository\io\opentelemetry\opentelemetry-sdk-trace\1.41.0\opentelemetry-sdk-trace-1.41.0.jar;C:\Users\frost\.m2\repository\io\opentelemetry\opentelemetry-sdk\1.41.0\opentelemetry-sdk-1.41.0.jar;C:\Users\frost\.m2\repository\io\opentelemetry\opentelemetry-sdk-metrics\1.41.0\opentelemetry-sdk-metrics-1.41.0.jar;C:\Users\frost\.m2\repository\io\opentelemetry\opentelemetry-sdk-logs\1.41.0\opentelemetry-sdk-logs-1.41.0.jar;C:\Users\frost\.m2\repository\org\seleniumhq\selenium\selenium-os\4.24.0\selenium-os-4.24.0.jar;C:\Users\frost\.m2\repository\org\apache\commons\commons-exec\1.4.0\commons-exec-1.4.0.jar;C:\Users\frost\.m2\repository\org\slf4j\slf4j-api\2.0.12\slf4j-api-2.0.12.jar;C:\Users\frost\.m2\repository\org\seleniumhq\selenium\selenium-java\4.22.0\selenium-java-4.22.0.jar;C:\Users\frost\.m2\repository\org\seleniumhq\selenium\selenium-devtools-v124\4.22.0\selenium-devtools-v124-4.22.0.jar;C:\Users\frost\.m2\repository\org\seleniumhq\selenium\selenium-devtools-v125\4.22.0\selenium-devtools-v125-4.22.0.jar;C:\Users\frost\.m2\repository\org\seleniumhq\selenium\selenium-devtools-v126\4.22.0\selenium-devtools-v126-4.22.0.jar;C:\Users\frost\.m2\repository\org\seleniumhq\selenium\selenium-devtools-v85\4.22.0\selenium-devtools-v85-4.22.0.jar;C:\Users\frost\.m2\repository\org\seleniumhq\selenium\selenium-safari-driver\4.22.0\selenium-safari-driver-4.22.0.jar;C:\Users\frost\.m2\repository\com\aventstack\extentreports\5.1.2\extentreports-5.1.2.jar;C:\Users\frost\.m2\repository\io\reactivex\rxjava3\rxjava\3.1.6\rxjava-3.1.6.jar;C:\Users\frost\.m2\repository\org\reactivestreams\reactive-streams\1.0.4\reactive-streams-1.0.4.jar;C:\Users\frost\.m2\repository\org\freemarker\freemarker\2.3.32\freemarker-2.3.32.jar;C:\Users\frost\.m2\repository\org\projectlombok\lombok\1.18.26\lombok-1.18.26.jar;C:\Users\frost\.m2\repository\tech\grasshopper\extentreports-cucumber7-adapter\1.14.0\extentreports-cucumber7-adapter-1.14.0.jar;C:\Users\frost\.m2\repository\tech\grasshopper\extent-pdf-report\2.12.0\extent-pdf-report-2.12.0.jar;C:\Users\frost\.m2\repository\tech\grasshopper\cucumber-pdf-report\2.14.0\cucumber-pdf-report-2.14.0.jar;C:\Users\frost\.m2\repository\org\apache\pdfbox\pdfbox\2.0.26\pdfbox-2.0.26.jar;C:\Users\frost\.m2\repository\org\apache\pdfbox\fontbox\2.0.26\fontbox-2.0.26.jar;C:\Users\frost\.m2\repository\org\knowm\xchart\xchart\3.8.0\xchart-3.8.0.jar;C:\Users\frost\.m2\repository\de\erichseifert\vectorgraphics2d\VectorGraphics2D\0.13\VectorGraphics2D-0.13.jar;C:\Users\frost\.m2\repository\de\rototor\pdfbox\graphics2d\0.30\graphics2d-0.30.jar;C:\Users\frost\.m2\repository\com\madgag\animated-gif-lib\1.4\animated-gif-lib-1.4.jar;C:\Users\frost\.m2\repository\org\yaml\snakeyaml\2.0\snakeyaml-2.0.jar;C:\Users\frost\.m2\repository\tech\grasshopper\table-layout\1.5.1\table-layout-1.5.1.jar;C:\Users\frost\.m2\repository\tech\grasshopper\rest-assured-cucumber-pdf-report\1.5.0\rest-assured-cucumber-pdf-report-1.5.0.jar;C:\Users\frost\.m2\repository\com\aventstack\klov-reporter\5.1.0\klov-reporter-5.1.0.jar;C:\Users\frost\.m2\repository\org\mongodb\mongodb-driver\3.6.4\mongodb-driver-3.6.4.jar;C:\Users\frost\.m2\repository\org\mongodb\mongodb-driver-core\3.6.4\mongodb-driver-core-3.6.4.jar;C:\Users\frost\.m2\repository\org\mongodb\bson\3.6.4\bson-3.6.4.jar;C:\Users\frost\.m2\repository\tech\grasshopper\htmlextentreporter\1.1.0\htmlextentreporter-1.1.0.jar;C:\Users\frost\.m2\repository\tech\grasshopper\extent-excel-report\1.4.0\extent-excel-report-1.4.0.jar;C:\Users\frost\.m2\repository\org\apache\poi\poi\5.2.3\poi-5.2.3.jar;C:\Users\frost\.m2\repository\org\apache\commons\commons-collections4\4.4\commons-collections4-4.4.jar;C:\Users\frost\.m2\repository\org\apache\commons\commons-math3\3.6.1\commons-math3-3.6.1.jar;C:\Users\frost\.m2\repository\com\zaxxer\SparseBitSet\1.2\SparseBitSet-1.2.jar;C:\Users\frost\.m2\repository\org\apache\logging\log4j\log4j-api\2.18.0\log4j-api-2.18.0.jar;C:\Users\frost\.m2\repository\org\apache\poi\poi-ooxml\5.2.3\poi-ooxml-5.2.3.jar;C:\Users\frost\.m2\repository\org\apache\poi\poi-ooxml-lite\5.2.3\poi-ooxml-lite-5.2.3.jar;C:\Users\frost\.m2\repository\org\apache\xmlbeans\xmlbeans\5.1.1\xmlbeans-5.1.1.jar;C:\Users\frost\.m2\repository\com\github\virtuald\curvesapi\1.07\curvesapi-1.07.jar;C:\Users\frost\.m2\repository\commons-io\commons-io\2.16.1\commons-io-2.16.1.jar;"/>
    <property name="java.vm.vendor" value="Oracle Corporation"/>
    <property name="sun.arch.data.model" value="64"/>
    <property name="user.variant" value=""/>
    <property name="java.vendor.url" value="https://java.oracle.com/"/>
    <property name="user.timezone" value="Asia/Calcutta"/>
    <property name="os.name" value="Windows 11"/>
    <property name="java.vm.specification.version" value="19"/>
    <property name="sun.java.launcher" value="SUN_STANDARD"/>
    <property name="user.country" value="IN"/>
    <property name="sun.boot.library.path" value="C:\Program Files\Java\jdk-19\bin"/>
    <property name="sun.java.command" value="C:\Users\frost\AppData\Local\Temp\surefire12071545763693538817\surefirebooter-20240916002324098_3.jar C:\Users\frost\AppData\Local\Temp\surefire12071545763693538817 2024-09-16T00-23-24_001-jvmRun1 surefire-20240916002324098_1tmp surefire_0-20240916002324098_2tmp"/>
    <property name="jdk.debug" value="release"/>
    <property name="surefire.test.class.path" value="C:\Users\frost\IdeaProjects\Appium_Base_Cucumber_POM\target\test-classes;C:\Users\frost\IdeaProjects\Appium_Base_Cucumber_POM\target\classes;C:\Users\frost\.m2\repository\io\cucumber\cucumber-java\7.16.0\cucumber-java-7.16.0.jar;C:\Users\frost\.m2\repository\io\cucumber\cucumber-core\7.16.0\cucumber-core-7.16.0.jar;C:\Users\frost\.m2\repository\io\cucumber\cucumber-gherkin\7.16.0\cucumber-gherkin-7.16.0.jar;C:\Users\frost\.m2\repository\io\cucumber\cucumber-gherkin-messages\7.16.0\cucumber-gherkin-messages-7.16.0.jar;C:\Users\frost\.m2\repository\io\cucumber\gherkin\28.0.0\gherkin-28.0.0.jar;C:\Users\frost\.m2\repository\io\cucumber\messages\24.0.1\messages-24.0.1.jar;C:\Users\frost\.m2\repository\io\cucumber\tag-expressions\6.1.0\tag-expressions-6.1.0.jar;C:\Users\frost\.m2\repository\io\cucumber\cucumber-expressions\17.1.0\cucumber-expressions-17.1.0.jar;C:\Users\frost\.m2\repository\io\cucumber\datatable\7.16.0\datatable-7.16.0.jar;C:\Users\frost\.m2\repository\io\cucumber\cucumber-plugin\7.16.0\cucumber-plugin-7.16.0.jar;C:\Users\frost\.m2\repository\io\cucumber\docstring\7.16.0\docstring-7.16.0.jar;C:\Users\frost\.m2\repository\io\cucumber\html-formatter\21.3.0\html-formatter-21.3.0.jar;C:\Users\frost\.m2\repository\io\cucumber\junit-xml-formatter\0.2.1\junit-xml-formatter-0.2.1.jar;C:\Users\frost\.m2\repository\io\cucumber\ci-environment\10.0.1\ci-environment-10.0.1.jar;C:\Users\frost\.m2\repository\org\apiguardian\apiguardian-api\1.1.2\apiguardian-api-1.1.2.jar;C:\Users\frost\.m2\repository\io\cucumber\cucumber-junit\7.16.0\cucumber-junit-7.16.0.jar;C:\Users\frost\.m2\repository\junit\junit\4.13.2\junit-4.13.2.jar;C:\Users\frost\.m2\repository\org\hamcrest\hamcrest-core\1.3\hamcrest-core-1.3.jar;C:\Users\frost\.m2\repository\io\cucumber\cucumber-picocontainer\7.16.0\cucumber-picocontainer-7.16.0.jar;C:\Users\frost\.m2\repository\org\picocontainer\picocontainer\2.15\picocontainer-2.15.jar;C:\Users\frost\.m2\repository\net\serenity-bdd\serenity-core\4.2.1\serenity-core-4.2.1.jar;C:\Users\frost\.m2\repository\net\serenity-bdd\serenity-model\4.2.1\serenity-model-4.2.1.jar;C:\Users\frost\.m2\repository\org\apache\commons\commons-text\1.12.0\commons-text-1.12.0.jar;C:\Users\frost\.m2\repository\commons-net\commons-net\3.11.1\commons-net-3.11.1.jar;C:\Users\frost\.m2\repository\com\google\guava\guava\33.2.1-jre\guava-33.2.1-jre.jar;C:\Users\frost\.m2\repository\com\google\guava\failureaccess\1.0.2\failureaccess-1.0.2.jar;C:\Users\frost\.m2\repository\com\google\guava\listenablefuture\9999.0-empty-to-avoid-conflict-with-guava\listenablefuture-9999.0-empty-to-avoid-conflict-with-guava.jar;C:\Users\frost\.m2\repository\com\google\code\findbugs\jsr305\3.0.2\jsr305-3.0.2.jar;C:\Users\frost\.m2\repository\org\checkerframework\checker-qual\3.42.0\checker-qual-3.42.0.jar;C:\Users\frost\.m2\repository\com\google\j2objc\j2objc-annotations\3.0.0\j2objc-annotations-3.0.0.jar;C:\Users\frost\.m2\repository\org\jsoup\jsoup\1.15.4\jsoup-1.15.4.jar;C:\Users\frost\.m2\repository\com\thoughtworks\xstream\xstream\1.4.20\xstream-1.4.20.jar;C:\Users\frost\.m2\repository\io\github\x-stream\mxparser\1.2.2\mxparser-1.2.2.jar;C:\Users\frost\.m2\repository\xmlpull\xmlpull\1.1.3.1\xmlpull-1.1.3.1.jar;C:\Users\frost\.m2\repository\com\typesafe\config\1.4.3\config-1.4.3.jar;C:\Users\frost\.m2\repository\org\imgscalr\imgscalr-lib\4.2\imgscalr-lib-4.2.jar;C:\Users\frost\.m2\repository\org\awaitility\awaitility\4.2.2\awaitility-4.2.2.jar;C:\Users\frost\.m2\repository\io\github\classgraph\classgraph\4.8.157\classgraph-4.8.157.jar;C:\Users\frost\.m2\repository\com\github\ben-manes\caffeine\caffeine\2.9.2\caffeine-2.9.2.jar;C:\Users\frost\.m2\repository\org\ehcache\ehcache\3.10.8\ehcache-3.10.8.jar;C:\Users\frost\.m2\repository\javax\cache\cache-api\1.1.0\cache-api-1.1.0.jar;C:\Users\frost\.m2\repository\net\sourceforge\jexcelapi\jxl\2.6.12\jxl-2.6.12.jar;C:\Users\frost\.m2\repository\net\bytebuddy\byte-buddy\1.14.18\byte-buddy-1.14.18.jar;C:\Users\frost\.m2\repository\net\bytebuddy\byte-buddy-agent\1.14.18\byte-buddy-agent-1.14.18.jar;C:\Users\frost\.m2\repository\org\objenesis\objenesis\3.3\objenesis-3.3.jar;C:\Users\frost\.m2\repository\com\vladsch\flexmark\flexmark-all\0.64.8\flexmark-all-0.64.8.jar;C:\Users\frost\.m2\repository\com\vladsch\flexmark\flexmark\0.64.8\flexmark-0.64.8.jar;C:\Users\frost\.m2\repository\com\vladsch\flexmark\flexmark-ext-abbreviation\0.64.8\flexmark-ext-abbreviation-0.64.8.jar;C:\Users\frost\.m2\repository\com\vladsch\flexmark\flexmark-ext-admonition\0.64.8\flexmark-ext-admonition-0.64.8.jar;C:\Users\frost\.m2\repository\com\vladsch\flexmark\flexmark-ext-anchorlink\0.64.8\flexmark-ext-anchorlink-0.64.8.jar;C:\Users\frost\.m2\repository\com\vladsch\flexmark\flexmark-ext-aside\0.64.8\flexmark-ext-aside-0.64.8.jar;C:\Users\frost\.m2\repository\com\vladsch\flexmark\flexmark-ext-attributes\0.64.8\flexmark-ext-attributes-0.64.8.jar;C:\Users\frost\.m2\repository\com\vladsch\flexmark\flexmark-ext-autolink\0.64.8\flexmark-ext-autolink-0.64.8.jar;C:\Users\frost\.m2\repository\org\nibor\autolink\autolink\0.6.0\autolink-0.6.0.jar;C:\Users\frost\.m2\repository\com\vladsch\flexmark\flexmark-ext-definition\0.64.8\flexmark-ext-definition-0.64.8.jar;C:\Users\frost\.m2\repository\com\vladsch\flexmark\flexmark-ext-emoji\0.64.8\flexmark-ext-emoji-0.64.8.jar;C:\Users\frost\.m2\repository\com\vladsch\flexmark\flexmark-ext-enumerated-reference\0.64.8\flexmark-ext-enumerated-reference-0.64.8.jar;C:\Users\frost\.m2\repository\com\vladsch\flexmark\flexmark-ext-escaped-character\0.64.8\flexmark-ext-escaped-character-0.64.8.jar;C:\Users\frost\.m2\repository\com\vladsch\flexmark\flexmark-ext-footnotes\0.64.8\flexmark-ext-footnotes-0.64.8.jar;C:\Users\frost\.m2\repository\com\vladsch\flexmark\flexmark-ext-gfm-issues\0.64.8\flexmark-ext-gfm-issues-0.64.8.jar;C:\Users\frost\.m2\repository\com\vladsch\flexmark\flexmark-ext-gfm-strikethrough\0.64.8\flexmark-ext-gfm-strikethrough-0.64.8.jar;C:\Users\frost\.m2\repository\com\vladsch\flexmark\flexmark-ext-gfm-tasklist\0.64.8\flexmark-ext-gfm-tasklist-0.64.8.jar;C:\Users\frost\.m2\repository\com\vladsch\flexmark\flexmark-ext-gfm-users\0.64.8\flexmark-ext-gfm-users-0.64.8.jar;C:\Users\frost\.m2\repository\com\vladsch\flexmark\flexmark-ext-gitlab\0.64.8\flexmark-ext-gitlab-0.64.8.jar;C:\Users\frost\.m2\repository\com\vladsch\flexmark\flexmark-ext-jekyll-front-matter\0.64.8\flexmark-ext-jekyll-front-matter-0.64.8.jar;C:\Users\frost\.m2\repository\com\vladsch\flexmark\flexmark-ext-jekyll-tag\0.64.8\flexmark-ext-jekyll-tag-0.64.8.jar;C:\Users\frost\.m2\repository\com\vladsch\flexmark\flexmark-ext-media-tags\0.64.8\flexmark-ext-media-tags-0.64.8.jar;C:\Users\frost\.m2\repository\com\vladsch\flexmark\flexmark-ext-macros\0.64.8\flexmark-ext-macros-0.64.8.jar;C:\Users\frost\.m2\repository\com\vladsch\flexmark\flexmark-ext-ins\0.64.8\flexmark-ext-ins-0.64.8.jar;C:\Users\frost\.m2\repository\com\vladsch\flexmark\flexmark-ext-xwiki-macros\0.64.8\flexmark-ext-xwiki-macros-0.64.8.jar;C:\Users\frost\.m2\repository\com\vladsch\flexmark\flexmark-ext-superscript\0.64.8\flexmark-ext-superscript-0.64.8.jar;C:\Users\frost\.m2\repository\com\vladsch\flexmark\flexmark-ext-toc\0.64.8\flexmark-ext-toc-0.64.8.jar;C:\Users\frost\.m2\repository\com\vladsch\flexmark\flexmark-ext-typographic\0.64.8\flexmark-ext-typographic-0.64.8.jar;C:\Users\frost\.m2\repository\com\vladsch\flexmark\flexmark-ext-wikilink\0.64.8\flexmark-ext-wikilink-0.64.8.jar;C:\Users\frost\.m2\repository\com\vladsch\flexmark\flexmark-ext-yaml-front-matter\0.64.8\flexmark-ext-yaml-front-matter-0.64.8.jar;C:\Users\frost\.m2\repository\com\vladsch\flexmark\flexmark-ext-youtube-embedded\0.64.8\flexmark-ext-youtube-embedded-0.64.8.jar;C:\Users\frost\.m2\repository\com\vladsch\flexmark\flexmark-html2md-converter\0.64.8\flexmark-html2md-converter-0.64.8.jar;C:\Users\frost\.m2\repository\com\vladsch\flexmark\flexmark-jira-converter\0.64.8\flexmark-jira-converter-0.64.8.jar;C:\Users\frost\.m2\repository\com\vladsch\flexmark\flexmark-pdf-converter\0.64.8\flexmark-pdf-converter-0.64.8.jar;C:\Users\frost\.m2\repository\com\openhtmltopdf\openhtmltopdf-core\1.0.10\openhtmltopdf-core-1.0.10.jar;C:\Users\frost\.m2\repository\com\openhtmltopdf\openhtmltopdf-pdfbox\1.0.10\openhtmltopdf-pdfbox-1.0.10.jar;C:\Users\frost\.m2\repository\org\apache\pdfbox\xmpbox\2.0.24\xmpbox-2.0.24.jar;C:\Users\frost\.m2\repository\com\openhtmltopdf\openhtmltopdf-rtl-support\1.0.10\openhtmltopdf-rtl-support-1.0.10.jar;C:\Users\frost\.m2\repository\com\vladsch\flexmark\flexmark-profile-pegdown\0.64.8\flexmark-profile-pegdown-0.64.8.jar;C:\Users\frost\.m2\repository\com\vladsch\flexmark\flexmark-util-ast\0.64.8\flexmark-util-ast-0.64.8.jar;C:\Users\frost\.m2\repository\org\jetbrains\annotations\24.0.1\annotations-24.0.1.jar;C:\Users\frost\.m2\repository\com\vladsch\flexmark\flexmark-util-builder\0.64.8\flexmark-util-builder-0.64.8.jar;C:\Users\frost\.m2\repository\com\vladsch\flexmark\flexmark-util-collection\0.64.8\flexmark-util-collection-0.64.8.jar;C:\Users\frost\.m2\repository\com\vladsch\flexmark\flexmark-util-data\0.64.8\flexmark-util-data-0.64.8.jar;C:\Users\frost\.m2\repository\com\vladsch\flexmark\flexmark-util-dependency\0.64.8\flexmark-util-dependency-0.64.8.jar;C:\Users\frost\.m2\repository\com\vladsch\flexmark\flexmark-util-format\0.64.8\flexmark-util-format-0.64.8.jar;C:\Users\frost\.m2\repository\com\vladsch\flexmark\flexmark-util-html\0.64.8\flexmark-util-html-0.64.8.jar;C:\Users\frost\.m2\repository\com\vladsch\flexmark\flexmark-util-misc\0.64.8\flexmark-util-misc-0.64.8.jar;C:\Users\frost\.m2\repository\com\vladsch\flexmark\flexmark-util-options\0.64.8\flexmark-util-options-0.64.8.jar;C:\Users\frost\.m2\repository\com\vladsch\flexmark\flexmark-util-sequence\0.64.8\flexmark-util-sequence-0.64.8.jar;C:\Users\frost\.m2\repository\com\vladsch\flexmark\flexmark-util-visitor\0.64.8\flexmark-util-visitor-0.64.8.jar;C:\Users\frost\.m2\repository\com\vladsch\flexmark\flexmark-youtrack-converter\0.64.8\flexmark-youtrack-converter-0.64.8.jar;C:\Users\frost\.m2\repository\com\vladsch\flexmark\flexmark-ext-resizable-image\0.64.8\flexmark-ext-resizable-image-0.64.8.jar;C:\Users\frost\.m2\repository\com\vladsch\flexmark\flexmark-ext-tables\0.64.8\flexmark-ext-tables-0.64.8.jar;C:\Users\frost\.m2\repository\com\vladsch\flexmark\flexmark-util\0.64.8\flexmark-util-0.64.8.jar;C:\Users\frost\.m2\repository\net\serenity-bdd\serenity-reports\4.2.1\serenity-reports-4.2.1.jar;C:\Users\frost\.m2\repository\net\serenity-bdd\serenity-stats\4.2.1\serenity-stats-4.2.1.jar;C:\Users\frost\.m2\repository\org\jetbrains\kotlin\kotlin-stdlib\1.9.24\kotlin-stdlib-1.9.24.jar;C:\Users\frost\.m2\repository\net\serenity-bdd\serenity-reports-configuration\4.2.1\serenity-reports-configuration-4.2.1.jar;C:\Users\frost\.m2\repository\com\ibm\icu\icu4j\72.1\icu4j-72.1.jar;C:\Users\frost\.m2\repository\es\nitaur\markdown\txtmark\0.16\txtmark-0.16.jar;C:\Users\frost\.m2\repository\net\serenity-bdd\serenity-report-resources\4.2.1\serenity-report-resources-4.2.1.jar;C:\Users\frost\.m2\repository\com\google\code\gson\gson\2.11.0\gson-2.11.0.jar;C:\Users\frost\.m2\repository\com\google\errorprone\error_prone_annotations\2.27.0\error_prone_annotations-2.27.0.jar;C:\Users\frost\.m2\repository\com\fasterxml\jackson\core\jackson-core\2.17.2\jackson-core-2.17.2.jar;C:\Users\frost\.m2\repository\com\fasterxml\jackson\core\jackson-databind\2.17.2\jackson-databind-2.17.2.jar;C:\Users\frost\.m2\repository\com\fasterxml\jackson\core\jackson-annotations\2.17.2\jackson-annotations-2.17.2.jar;C:\Users\frost\.m2\repository\commons-codec\commons-codec\1.17.1\commons-codec-1.17.1.jar;C:\Users\frost\.m2\repository\org\apache\httpcomponents\httpclient\4.5.13\httpclient-4.5.13.jar;C:\Users\frost\.m2\repository\org\apache\httpcomponents\httpcore\4.4.13\httpcore-4.4.13.jar;C:\Users\frost\.m2\repository\commons-logging\commons-logging\1.2\commons-logging-1.2.jar;C:\Users\frost\.m2\repository\org\seleniumhq\selenium\selenium-api\4.23.1\selenium-api-4.23.1.jar;C:\Users\frost\.m2\repository\org\seleniumhq\selenium\selenium-support\4.23.1\selenium-support-4.23.1.jar;C:\Users\frost\.m2\repository\com\google\auto\service\auto-service-annotations\1.1.1\auto-service-annotations-1.1.1.jar;C:\Users\frost\.m2\repository\org\seleniumhq\selenium\selenium-json\4.23.1\selenium-json-4.23.1.jar;C:\Users\frost\.m2\repository\org\seleniumhq\selenium\selenium-chrome-driver\4.23.1\selenium-chrome-driver-4.23.1.jar;C:\Users\frost\.m2\repository\org\seleniumhq\selenium\selenium-chromium-driver\4.23.1\selenium-chromium-driver-4.23.1.jar;C:\Users\frost\.m2\repository\org\seleniumhq\selenium\selenium-manager\4.23.1\selenium-manager-4.23.1.jar;C:\Users\frost\.m2\repository\org\seleniumhq\selenium\selenium-firefox-driver\4.23.1\selenium-firefox-driver-4.23.1.jar;C:\Users\frost\.m2\repository\org\seleniumhq\selenium\selenium-http\4.23.1\selenium-http-4.23.1.jar;C:\Users\frost\.m2\repository\dev\failsafe\failsafe\3.3.2\failsafe-3.3.2.jar;C:\Users\frost\.m2\repository\org\seleniumhq\selenium\selenium-edge-driver\4.23.1\selenium-edge-driver-4.23.1.jar;C:\Users\frost\.m2\repository\org\seleniumhq\selenium\selenium-ie-driver\4.23.1\selenium-ie-driver-4.23.1.jar;C:\Users\frost\.m2\repository\org\htmlunit\htmlunit\4.4.0\htmlunit-4.4.0.jar;C:\Users\frost\.m2\repository\org\apache\httpcomponents\httpmime\4.5.14\httpmime-4.5.14.jar;C:\Users\frost\.m2\repository\org\htmlunit\htmlunit-core-js\4.4.0\htmlunit-core-js-4.4.0.jar;C:\Users\frost\.m2\repository\org\htmlunit\neko-htmlunit\4.4.0\neko-htmlunit-4.4.0.jar;C:\Users\frost\.m2\repository\org\htmlunit\htmlunit-cssparser\4.4.0\htmlunit-cssparser-4.4.0.jar;C:\Users\frost\.m2\repository\org\htmlunit\htmlunit-xpath\4.4.0\htmlunit-xpath-4.4.0.jar;C:\Users\frost\.m2\repository\org\htmlunit\htmlunit-csp\4.4.0\htmlunit-csp-4.4.0.jar;C:\Users\frost\.m2\repository\org\htmlunit\htmlunit-websocket-client\4.4.0\htmlunit-websocket-client-4.4.0.jar;C:\Users\frost\.m2\repository\org\brotli\dec\0.1.2\dec-0.1.2.jar;C:\Users\frost\.m2\repository\org\seleniumhq\selenium\htmlunit3-driver\4.23.0\htmlunit3-driver-4.23.0.jar;C:\Users\frost\.m2\repository\org\apache\groovy\groovy\4.0.22\groovy-4.0.22.jar;C:\Users\frost\.m2\repository\net\sf\opencsv\opencsv\2.1\opencsv-2.1.jar;C:\Users\frost\.m2\repository\org\apache\commons\commons-lang3\3.16.0\commons-lang3-3.16.0.jar;C:\Users\frost\.m2\repository\org\apache\commons\commons-compress\1.27.0\commons-compress-1.27.0.jar;C:\Users\frost\.m2\repository\org\fluentlenium\fluentlenium-core\0.10.2\fluentlenium-core-0.10.2.jar;C:\Users\frost\.m2\repository\com\jhlabs\filters\2.0.235\filters-2.0.235.jar;C:\Users\frost\.m2\repository\com\paulhammant\ngwebdriver\1.2\ngwebdriver-1.2.jar;C:\Users\frost\.m2\repository\joda-time\joda-time\2.12.7\joda-time-2.12.7.jar;C:\Users\frost\.m2\repository\org\hamcrest\hamcrest\2.2\hamcrest-2.2.jar;C:\Users\frost\.m2\repository\com\google\jimfs\jimfs\1.3.0\jimfs-1.3.0.jar;C:\Users\frost\.m2\repository\org\mockito\mockito-core\3.3.3\mockito-core-3.3.3.jar;C:\Users\frost\.m2\repository\javax\xml\bind\jaxb-api\2.3.1\jaxb-api-2.3.1.jar;C:\Users\frost\.m2\repository\javax\activation\javax.activation-api\1.2.0\javax.activation-api-1.2.0.jar;C:\Users\frost\.m2\repository\com\sun\xml\bind\jaxb-core\2.3.0.1\jaxb-core-2.3.0.1.jar;C:\Users\frost\.m2\repository\com\sun\xml\bind\jaxb-impl\2.3.3\jaxb-impl-2.3.3.jar;C:\Users\frost\.m2\repository\jakarta\xml\bind\jakarta.xml.bind-api\2.3.3\jakarta.xml.bind-api-2.3.3.jar;C:\Users\frost\.m2\repository\com\sun\activation\jakarta.activation\1.2.2\jakarta.activation-1.2.2.jar;C:\Users\frost\.m2\repository\javax\activation\activation\1.1.1\activation-1.1.1.jar;C:\Users\frost\.m2\repository\io\appium\java-client\9.2.2\java-client-9.2.2.jar;C:\Users\frost\.m2\repository\org\seleniumhq\selenium\selenium-remote-driver\4.24.0\selenium-remote-driver-4.24.0.jar;C:\Users\frost\.m2\repository\io\opentelemetry\semconv\opentelemetry-semconv\1.25.0-alpha\opentelemetry-semconv-1.25.0-alpha.jar;C:\Users\frost\.m2\repository\io\opentelemetry\opentelemetry-api\1.41.0\opentelemetry-api-1.41.0.jar;C:\Users\frost\.m2\repository\io\opentelemetry\opentelemetry-context\1.41.0\opentelemetry-context-1.41.0.jar;C:\Users\frost\.m2\repository\io\opentelemetry\opentelemetry-exporter-logging\1.41.0\opentelemetry-exporter-logging-1.41.0.jar;C:\Users\frost\.m2\repository\io\opentelemetry\opentelemetry-sdk-common\1.41.0\opentelemetry-sdk-common-1.41.0.jar;C:\Users\frost\.m2\repository\io\opentelemetry\opentelemetry-sdk-extension-autoconfigure-spi\1.41.0\opentelemetry-sdk-extension-autoconfigure-spi-1.41.0.jar;C:\Users\frost\.m2\repository\io\opentelemetry\opentelemetry-sdk-extension-autoconfigure\1.41.0\opentelemetry-sdk-extension-autoconfigure-1.41.0.jar;C:\Users\frost\.m2\repository\io\opentelemetry\opentelemetry-api-incubator\1.41.0-alpha\opentelemetry-api-incubator-1.41.0-alpha.jar;C:\Users\frost\.m2\repository\io\opentelemetry\opentelemetry-sdk-trace\1.41.0\opentelemetry-sdk-trace-1.41.0.jar;C:\Users\frost\.m2\repository\io\opentelemetry\opentelemetry-sdk\1.41.0\opentelemetry-sdk-1.41.0.jar;C:\Users\frost\.m2\repository\io\opentelemetry\opentelemetry-sdk-metrics\1.41.0\opentelemetry-sdk-metrics-1.41.0.jar;C:\Users\frost\.m2\repository\io\opentelemetry\opentelemetry-sdk-logs\1.41.0\opentelemetry-sdk-logs-1.41.0.jar;C:\Users\frost\.m2\repository\org\seleniumhq\selenium\selenium-os\4.24.0\selenium-os-4.24.0.jar;C:\Users\frost\.m2\repository\org\apache\commons\commons-exec\1.4.0\commons-exec-1.4.0.jar;C:\Users\frost\.m2\repository\org\slf4j\slf4j-api\2.0.12\slf4j-api-2.0.12.jar;C:\Users\frost\.m2\repository\org\seleniumhq\selenium\selenium-java\4.22.0\selenium-java-4.22.0.jar;C:\Users\frost\.m2\repository\org\seleniumhq\selenium\selenium-devtools-v124\4.22.0\selenium-devtools-v124-4.22.0.jar;C:\Users\frost\.m2\repository\org\seleniumhq\selenium\selenium-devtools-v125\4.22.0\selenium-devtools-v125-4.22.0.jar;C:\Users\frost\.m2\repository\org\seleniumhq\selenium\selenium-devtools-v126\4.22.0\selenium-devtools-v126-4.22.0.jar;C:\Users\frost\.m2\repository\org\seleniumhq\selenium\selenium-devtools-v85\4.22.0\selenium-devtools-v85-4.22.0.jar;C:\Users\frost\.m2\repository\org\seleniumhq\selenium\selenium-safari-driver\4.22.0\selenium-safari-driver-4.22.0.jar;C:\Users\frost\.m2\repository\com\aventstack\extentreports\5.1.2\extentreports-5.1.2.jar;C:\Users\frost\.m2\repository\io\reactivex\rxjava3\rxjava\3.1.6\rxjava-3.1.6.jar;C:\Users\frost\.m2\repository\org\reactivestreams\reactive-streams\1.0.4\reactive-streams-1.0.4.jar;C:\Users\frost\.m2\repository\org\freemarker\freemarker\2.3.32\freemarker-2.3.32.jar;C:\Users\frost\.m2\repository\org\projectlombok\lombok\1.18.26\lombok-1.18.26.jar;C:\Users\frost\.m2\repository\tech\grasshopper\extentreports-cucumber7-adapter\1.14.0\extentreports-cucumber7-adapter-1.14.0.jar;C:\Users\frost\.m2\repository\tech\grasshopper\extent-pdf-report\2.12.0\extent-pdf-report-2.12.0.jar;C:\Users\frost\.m2\repository\tech\grasshopper\cucumber-pdf-report\2.14.0\cucumber-pdf-report-2.14.0.jar;C:\Users\frost\.m2\repository\org\apache\pdfbox\pdfbox\2.0.26\pdfbox-2.0.26.jar;C:\Users\frost\.m2\repository\org\apache\pdfbox\fontbox\2.0.26\fontbox-2.0.26.jar;C:\Users\frost\.m2\repository\org\knowm\xchart\xchart\3.8.0\xchart-3.8.0.jar;C:\Users\frost\.m2\repository\de\erichseifert\vectorgraphics2d\VectorGraphics2D\0.13\VectorGraphics2D-0.13.jar;C:\Users\frost\.m2\repository\de\rototor\pdfbox\graphics2d\0.30\graphics2d-0.30.jar;C:\Users\frost\.m2\repository\com\madgag\animated-gif-lib\1.4\animated-gif-lib-1.4.jar;C:\Users\frost\.m2\repository\org\yaml\snakeyaml\2.0\snakeyaml-2.0.jar;C:\Users\frost\.m2\repository\tech\grasshopper\table-layout\1.5.1\table-layout-1.5.1.jar;C:\Users\frost\.m2\repository\tech\grasshopper\rest-assured-cucumber-pdf-report\1.5.0\rest-assured-cucumber-pdf-report-1.5.0.jar;C:\Users\frost\.m2\repository\com\aventstack\klov-reporter\5.1.0\klov-reporter-5.1.0.jar;C:\Users\frost\.m2\repository\org\mongodb\mongodb-driver\3.6.4\mongodb-driver-3.6.4.jar;C:\Users\frost\.m2\repository\org\mongodb\mongodb-driver-core\3.6.4\mongodb-driver-core-3.6.4.jar;C:\Users\frost\.m2\repository\org\mongodb\bson\3.6.4\bson-3.6.4.jar;C:\Users\frost\.m2\repository\tech\grasshopper\htmlextentreporter\1.1.0\htmlextentreporter-1.1.0.jar;C:\Users\frost\.m2\repository\tech\grasshopper\extent-excel-report\1.4.0\extent-excel-report-1.4.0.jar;C:\Users\frost\.m2\repository\org\apache\poi\poi\5.2.3\poi-5.2.3.jar;C:\Users\frost\.m2\repository\org\apache\commons\commons-collections4\4.4\commons-collections4-4.4.jar;C:\Users\frost\.m2\repository\org\apache\commons\commons-math3\3.6.1\commons-math3-3.6.1.jar;C:\Users\frost\.m2\repository\com\zaxxer\SparseBitSet\1.2\SparseBitSet-1.2.jar;C:\Users\frost\.m2\repository\org\apache\logging\log4j\log4j-api\2.18.0\log4j-api-2.18.0.jar;C:\Users\frost\.m2\repository\org\apache\poi\poi-ooxml\5.2.3\poi-ooxml-5.2.3.jar;C:\Users\frost\.m2\repository\org\apache\poi\poi-ooxml-lite\5.2.3\poi-ooxml-lite-5.2.3.jar;C:\Users\frost\.m2\repository\org\apache\xmlbeans\xmlbeans\5.1.1\xmlbeans-5.1.1.jar;C:\Users\frost\.m2\repository\com\github\virtuald\curvesapi\1.07\curvesapi-1.07.jar;C:\Users\frost\.m2\repository\commons-io\commons-io\2.16.1\commons-io-2.16.1.jar;"/>
    <property name="sun.cpu.endian" value="little"/>
    <property name="user.home" value="C:\Users\frost"/>
    <property name="user.language" value="en"/>
    <property name="java.specification.vendor" value="Oracle Corporation"/>
    <property name="java.version.date" value="2023-01-17"/>
    <property name="java.home" value="C:\Program Files\Java\jdk-19"/>
    <property name="file.separator" value="\"/>
    <property name="basedir" value="C:\Users\frost\IdeaProjects\Appium_Base_Cucumber_POM"/>
    <property name="java.vm.compressedOopsMode" value="Zero based"/>
    <property name="line.separator" value="&#10;"/>
    <property name="java.vm.specification.vendor" value="Oracle Corporation"/>
    <property name="java.specification.name" value="Java Platform API Specification"/>
    <property name="surefire.real.class.path" value="C:\Users\frost\AppData\Local\Temp\surefire12071545763693538817\surefirebooter-20240916002324098_3.jar"/>
    <property name="user.script" value=""/>
    <property name="sun.management.compiler" value="HotSpot 64-Bit Tiered Compilers"/>
    <property name="java.runtime.version" value="19.0.2+7-44"/>
    <property name="user.name" value="frost"/>
    <property name="stdout.encoding" value="Cp1252"/>
    <property name="path.separator" value=";"/>
    <property name="os.version" value="10.0"/>
    <property name="java.runtime.name" value="Java(TM) SE Runtime Environment"/>
    <property name="file.encoding" value="UTF-8"/>
    <property name="java.vm.name" value="Java HotSpot(TM) 64-Bit Server VM"/>
    <property name="localRepository" value="C:\Users\frost\.m2\repository"/>
    <property name="java.vendor.url.bug" value="https://bugreport.java.com/bugreport/"/>
    <property name="java.io.tmpdir" value="C:\Users\frost\AppData\Local\Temp\"/>
    <property name="idea.version" value="2022.3.3"/>
    <property name="java.version" value="19.0.2"/>
    <property name="user.dir" value="C:\Users\frost\IdeaProjects\Appium_Base_Cucumber_POM"/>
    <property name="os.arch" value="amd64"/>
    <property name="java.vm.specification.name" value="Java Virtual Machine Specification"/>
    <property name="sun.os.patch.level" value=""/>
    <property name="native.encoding" value="Cp1252"/>
    <property name="java.library.path" value="C:\Program Files\Java\jdk-19\bin;C:\WINDOWS\Sun\Java\bin;C:\WINDOWS\system32;C:\WINDOWS;C:\Program Files\Common Files\Oracle\Java\javapath;C:\Program Files (x86)\HP\NV\lib\shunra\vcat;C:\WINDOWS\system32;C:\WINDOWS;C:\WINDOWS\System32\Wbem;C:\WINDOWS\System32\WindowsPowerShell\v1.0\;C:\WINDOWS\System32\OpenSSH\;C:\Users\frost\AppData\Roaming\nvm;C:\Program Files\nodejs;C:\Program Files\Git\cmd;C:\Program Files\dotnet\;C:\Users\frost\AppData\Local\Programs\Python\Python39;C:\Program Files (x86)\HP\LoadRunner\strawberry-perl\perl\bin;C:\Program Files (x86)\HP\NV\lib\thirdparty\safenet\LDK\7.0;C:\Program Files (x86)\HP\NV\lib\shunra\snv;C:\Users\frost\AppData\Local\Android\Sdk\tools;C:\Users\frost\AppData\Local\Android\Sdk\platform-tools;C:\Users\frost\AppData\Local\Android\Sdk\emulator;C:\Program Files\Common Files\Oracle\Java\javapath;C:\Program Files\Java\jdk-11\bin;C:\WINDOWS\system32;C:\WINDOWS;C:\WINDOWS\System32\Wbem;C:\WINDOWS\System32\WindowsPowerShell\v1.0\;C:\WINDOWS\System32\OpenSSH\;C:\Users\frost\AppData\Roaming\nvm;C:\Program Files\nodejs;C:\Program Files\Git\cmd;C:\Program Files\dotnet\;C:\Users\frost\AppData\Local\Programs\Python\Python39;C:\Users\frost\Downloads\Compressed\cypress-cucumber-boilerplate-master\node_modules\.bin;C:\Users\frost\Downloads\Compressed\node_modules\.bin;C:\Users\frost\Downloads\node_modules\.bin;C:\Users\frost\node_modules\.bin;C:\Users\node_modules\.bin;C:\allure-2.30.0\bin;C:\Users\frost\AppData\Local\Programs\Microsoft VS Code\bin;;."/>
    <property name="java.vm.info" value="mixed mode, sharing"/>
    <property name="stderr.encoding" value="Cp1252"/>
    <property name="java.vendor" value="Oracle Corporation"/>
    <property name="java.vm.version" value="19.0.2+7-44"/>
    <property name="sun.io.unicode.encoding" value="UnicodeLittle"/>
    <property name="java.class.version" value="63.0"/>
  </properties>
  <testcase name="Validate the Navigation of the Application is Correct or Not" classname="The Following is the Test for API Demo Application" time="16.427">
    <system-out><![CDATA[
Scenario: Validate the Navigation of the Application is Correct or Not # Features/HomePage.feature:2
******************** Start the Appium server ************************
WARN Appium Appium encountered 1 warning while validating drivers found in manifest C:\Users\frost\.appium\node_modules\.cache\appium\extensions.yaml
WARN Appium Driver "uiautomator2" has 1 potential problem: 
WARN Appium   - Driver "uiautomator2" (package `appium-uiautomator2-driver`) may be incompatible with the current version of Appium (v2.0.1) due to its peer dependency on older Appium v^2.4.1. Please upgrade `appium-uiautomator2-driver` to v3.7.11 or newer.
&amp#27;[35m[Appium]&amp#27;[39m Welcome to Appium v2.0.1
&amp#27;[35m[Appium]&amp#27;[39m Attempting to load driver uiautomator2...
[debug] &amp#27;[35m[Appium]&amp#27;[39m Requiring driver at C:\Users\frost\.appium\node_modules\appium-uiautomator2-driver
&amp#27;[35m[Appium]&amp#27;[39m Appium REST http interface listener started on http://0.0.0.0:4723
&amp#27;[35m[Appium]&amp#27;[39m You can provide the following URLS in your client code to connect to this server:
&amp#27;[35m[Appium]&amp#27;[39m 	http://192.168.29.44:4723/
&amp#27;[35m[Appium]&amp#27;[39m 	http://127.0.0.1:4723/ (only accessible from the same host)
&amp#27;[35m[Appium]&amp#27;[39m Available drivers:
&amp#27;[35m[Appium]&amp#27;[39m   - uiautomator2@3.7.9 (automationName 'UiAutomator2')
&amp#27;[35m[Appium]&amp#27;[39m No plugins have been installed. Use the "appium plugin" command to install the one(s) you want to use.
&amp#27;[38;5;0m[HTTP]&amp#27;[0m &amp#27;[37m-->&amp#27;[39m &amp#27;[37mGET&amp#27;[39m &amp#27;[37m/status&amp#27;[39m &amp#27;[90m{}&amp#27;[39m
[debug] &amp#27;[38;5;16m[AppiumDriver@f5f0]&amp#27;[0m Calling AppiumDriver.getStatus() with args: []
[debug] &amp#27;[38;5;16m[AppiumDriver@f5f0]&amp#27;[0m Responding to client with driver.getStatus() result: {"build":{"version":"2.0.1"}}
&amp#27;[38;5;0m[HTTP]&amp#27;[0m &amp#27;[37m<-- GET /status &amp#27;[39m&amp#27;[32m200&amp#27;[39m &amp#27;[90m5 ms - 39&amp#27;[39m &amp#27;[90m&amp#27;[39m
[debug] &amp#27;[38;5;0m[HTTP]&amp#27;[0m Request idempotency key: 783d9287-ce2c-43c5-823f-dbac70658782
&amp#27;[38;5;0m[HTTP]&amp#27;[0m &amp#27;[37m-->&amp#27;[39m &amp#27;[37mPOST&amp#27;[39m &amp#27;[37m/session&amp#27;[39m &amp#27;[90m{"capabilities":{"firstMatch":[{}],"alwaysMatch":{"platformName":"ANDROID","appium:automationName":"UiAutomator2","appium:deviceName":"TestAndroidDevice","appium:platformVersion":"10.0","appium:app":"C:\\Users\\frost\\IdeaProjects\\Appium_Base_Cucumber_POM\\apps\\ApiDemos.apk"}}}&amp#27;[39m
[debug] &amp#27;[38;5;16m[AppiumDriver@f5f0]&amp#27;[0m Calling AppiumDriver.createSession() with args: [null,null,{"firstMatch":[{}],"alwaysMatch":{"platformName":"ANDROID","appium:automationName":"UiAutomator2","appium:deviceName":"TestAndroidDevice","appium:platformVersion":"10.0","appium:app":"C:\\Users\\frost\\IdeaProjects\\Appium_Base_Cucumber_POM\\apps\\ApiDemos.apk"}}]
[debug] &amp#27;[38;5;16m[AppiumDriver@f5f0]&amp#27;[0m Event 'newSessionRequested' logged at 1726426412940 (00:23:32 GMT+0530 (India Standard Time))
&amp#27;[35m[Appium]&amp#27;[39m Attempting to find matching driver for automationName 'UiAutomator2' and platformName 'ANDROID'
&amp#27;[35m[Appium]&amp#27;[39m The 'uiautomator2' driver was installed and matched caps.
&amp#27;[35m[Appium]&amp#27;[39m Will require it at C:\Users\frost\.appium\node_modules\appium-uiautomator2-driver
[debug] &amp#27;[35m[Appium]&amp#27;[39m Requiring driver at C:\Users\frost\.appium\node_modules\appium-uiautomator2-driver
&amp#27;[38;5;16m[AppiumDriver@f5f0]&amp#27;[0m Appium v2.0.1 creating new AndroidUiautomator2Driver (v3.7.9) session
&amp#27;[38;5;16m[AppiumDriver@f5f0]&amp#27;[0m Checking BaseDriver versions for Appium and AndroidUiautomator2Driver
&amp#27;[38;5;16m[AppiumDriver@f5f0]&amp#27;[0m Appium's BaseDriver version is 9.11.3
&amp#27;[38;5;16m[AppiumDriver@f5f0]&amp#27;[0m AndroidUiautomator2Driver's BaseDriver version is 9.11.3
[debug] &amp#27;[38;5;32m[AndroidUiautomator2Driver@25ff]&amp#27;[0m 
[debug] &amp#27;[38;5;32m[AndroidUiautomator2Driver@25ff]&amp#27;[0m Creating session with W3C capabilities: {
  "alwaysMatch": {
    "platformName": "ANDROID",
    "appium:automationName": "UiAutomator2",
    "appium:deviceName": "TestAndroidDevice",
    "appium:platformVersion": "10.0",
    "appium:app": "C:\\Users\\frost\\IdeaProjects\\Appium_Base_Cucumber_POM\\apps\\ApiDemos.apk"
  },
  "firstMatch": [
    {}
  ]
}
&amp#27;[38;5;32m[AndroidUiautomator2Driver@25ff]&amp#27;[0m Session created with session id: a2e1e39d-f430-4e09-a905-14846dc616ff
&amp#27;[38;5;48m[ADB]&amp#27;[0m Found 1 'build-tools' folders under 'C:\Users\frost\AppData\Local\Android\Sdk' (newest first):
&amp#27;[38;5;48m[ADB]&amp#27;[0m     C:\Users\frost\AppData\Local\Android\Sdk\build-tools\35.0.0
&amp#27;[38;5;48m[ADB]&amp#27;[0m Using 'adb.exe' from 'C:\Users\frost\AppData\Local\Android\Sdk\platform-tools\adb.exe'
[debug] &amp#27;[38;5;48m[ADB]&amp#27;[0m Running 'C:\Users\frost\AppData\Local\Android\Sdk\platform-tools\adb.exe -P 5037 start-server'
&amp#27;[38;5;32m[AndroidUiautomator2Driver@25ff]&amp#27;[0m Retrieving device list
[debug] &amp#27;[38;5;48m[ADB]&amp#27;[0m Trying to find connected Android devices
[debug] &amp#27;[38;5;48m[ADB]&amp#27;[0m Getting connected devices
[debug] &amp#27;[38;5;48m[ADB]&amp#27;[0m Connected devices: [{"udid":"emulator-5554","state":"device"}]
&amp#27;[38;5;32m[AndroidUiautomator2Driver@25ff]&amp#27;[0m Looking for a device with Android '10.0.0'
[debug] &amp#27;[38;5;48m[ADB]&amp#27;[0m Setting device id to emulator-5554
&amp#27;[38;5;48m[ADB]&amp#27;[0m Getting device platform version
[debug] &amp#27;[38;5;48m[ADB]&amp#27;[0m Running 'C:\Users\frost\AppData\Local\Android\Sdk\platform-tools\adb.exe -P 5037 -s emulator-5554 shell getprop ro.build.version.release'
[debug] &amp#27;[38;5;48m[ADB]&amp#27;[0m Current device property 'ro.build.version.release': 10
&amp#27;[38;5;32m[AndroidUiautomator2Driver@25ff]&amp#27;[0m Using device: emulator-5554
&amp#27;[38;5;48m[ADB]&amp#27;[0m Using 'adb.exe' from 'C:\Users\frost\AppData\Local\Android\Sdk\platform-tools\adb.exe'
[debug] &amp#27;[38;5;48m[ADB]&amp#27;[0m Running 'C:\Users\frost\AppData\Local\Android\Sdk\platform-tools\adb.exe -P 5037 start-server'
[debug] &amp#27;[38;5;48m[ADB]&amp#27;[0m Setting device id to emulator-5554
&amp#27;[38;5;64m[BaseDriver]&amp#27;[0m Using local app 'C:\Users\frost\IdeaProjects\Appium_Base_Cucumber_POM\apps\ApiDemos.apk'
[debug] &amp#27;[38;5;32m[AndroidUiautomator2Driver@25ff]&amp#27;[0m Checking whether app is actually present
[debug] &amp#27;[38;5;48m[ADB]&amp#27;[0m Running 'C:\Users\frost\AppData\Local\Android\Sdk\platform-tools\adb.exe -P 5037 -s emulator-5554 shell getprop ro.build.version.sdk'
[debug] &amp#27;[38;5;48m[ADB]&amp#27;[0m Current device property 'ro.build.version.sdk': 29
&amp#27;[38;5;48m[ADB]&amp#27;[0m Getting device platform version
[debug] &amp#27;[38;5;48m[ADB]&amp#27;[0m Running 'C:\Users\frost\AppData\Local\Android\Sdk\platform-tools\adb.exe -P 5037 -s emulator-5554 shell getprop ro.build.version.release'
[debug] &amp#27;[38;5;48m[ADB]&amp#27;[0m Current device property 'ro.build.version.release': 10
[debug] &amp#27;[38;5;48m[ADB]&amp#27;[0m Device API level: 29
&amp#27;[38;5;32m[AndroidUiautomator2Driver@25ff]&amp#27;[0m Relaxing hidden api policy
[debug] &amp#27;[38;5;48m[ADB]&amp#27;[0m Running 'C:\Users\frost\AppData\Local\Android\Sdk\platform-tools\adb.exe -P 5037 -s emulator-5554 shell 'settings put global hidden_api_policy_pre_p_apps 1;settings put global hidden_api_policy_p_apps 1;settings put global hidden_api_policy 1''
[debug] &amp#27;[38;5;32m[AndroidUiautomator2Driver@25ff]&amp#27;[0m Parsing package and activity from app manifest
[debug] &amp#27;[38;5;48m[ADB]&amp#27;[0m Running 'C:\Users\frost\AppData\Local\Android\Sdk\platform-tools\adb.exe -P 5037 -s emulator-5554 wait-for-device'
&amp#27;[38;5;48m[ADB]&amp#27;[0m Using 'aapt2.exe' from 'C:\Users\frost\AppData\Local\Android\Sdk\build-tools\35.0.0\aapt2.exe'
[debug] &amp#27;[38;5;48m[ADB]&amp#27;[0m Reading package manifest: 'C:\\Users\\frost\\AppData\\Local\\Android\\Sdk\\build-tools\\35.0.0\\aapt2.exe dump badging C:\\Users\\frost\\IdeaProjects\\Appium_Base_Cucumber_POM\\apps\\ApiDemos.apk'
[debug] &amp#27;[38;5;48m[ADB]&amp#27;[0m Running 'C:\Users\frost\AppData\Local\Android\Sdk\platform-tools\adb.exe -P 5037 -s emulator-5554 shell echo ping'
[debug] &amp#27;[38;5;32m[AndroidUiautomator2Driver@25ff]&amp#27;[0m Pushing settings apk to the device...
[debug] &amp#27;[38;5;48m[ADB]&amp#27;[0m Getting package info for 'io.appium.settings'
[debug] &amp#27;[38;5;48m[ADB]&amp#27;[0m Running 'C:\Users\frost\AppData\Local\Android\Sdk\platform-tools\adb.exe -P 5037 -s emulator-5554 shell dumpsys package io.appium.settings'
&amp#27;[38;5;48m[ADB]&amp#27;[0m Package name: 'io.appium.android.apis'
&amp#27;[38;5;48m[ADB]&amp#27;[0m Main activity name: 'io.appium.android.apis.ApiDemos'
[debug] &amp#27;[38;5;32m[AndroidUiautomator2Driver@25ff]&amp#27;[0m Parsed package and activity are: io.appium.android.apis/io.appium.android.apis.ApiDemos
[debug] &amp#27;[38;5;48m[ADB]&amp#27;[0m Reading package manifest: 'C:\\Users\\frost\\AppData\\Local\\Android\\Sdk\\build-tools\\35.0.0\\aapt2.exe dump badging C:\\Users\\frost\\.appium\\node_modules\\appium-uiautomator2-driver\\node_modules\\io.appium.settings\\apks\\settings_apk-debug.apk'
[debug] &amp#27;[38;5;48m[ADB]&amp#27;[0m The version name of the installed 'io.appium.settings' is greater or equal to the application version name ('5.12.13' >= '5.12.13')
[debug] &amp#27;[38;5;48m[ADB]&amp#27;[0m There is no need to install/upgrade 'C:\Users\frost\.appium\node_modules\appium-uiautomator2-driver\node_modules\io.appium.settings\apks\settings_apk-debug.apk'
[debug] &amp#27;[38;5;48m[ADB]&amp#27;[0m Running 'C:\Users\frost\AppData\Local\Android\Sdk\platform-tools\adb.exe -P 5037 -s emulator-5554 shell dumpsys activity services io.appium.settings'
[debug] &amp#27;[38;5;32m[AndroidUiautomator2Driver@25ff]&amp#27;[0m io.appium.settings is already running. There is no need to reset its permissions.
[debug] &amp#27;[38;5;80m[Logcat]&amp#27;[0m Starting logs capture with command: C:\\Users\\frost\\AppData\\Local\\Android\\Sdk\\platform-tools\\adb.exe -P 5037 -s emulator-5554 logcat -v threadtime
[debug] &amp#27;[38;5;32m[AndroidUiautomator2Driver@25ff]&amp#27;[0m Forwarding UiAutomator2 Server port 6790 to local port 8200
[debug] &amp#27;[38;5;48m[ADB]&amp#27;[0m Forwarding system: 8200 to device: 6790
[debug] &amp#27;[38;5;48m[ADB]&amp#27;[0m Running 'C:\Users\frost\AppData\Local\Android\Sdk\platform-tools\adb.exe -P 5037 -s emulator-5554 forward tcp:8200 tcp:6790'
[debug] &amp#27;[38;5;48m[ADB]&amp#27;[0m Getting package info for 'io.appium.uiautomator2.server'
[debug] &amp#27;[38;5;48m[ADB]&amp#27;[0m Running 'C:\Users\frost\AppData\Local\Android\Sdk\platform-tools\adb.exe -P 5037 -s emulator-5554 shell dumpsys package io.appium.uiautomator2.server'
[debug] &amp#27;[38;5;48m[ADB]&amp#27;[0m Getting install status for io.appium.uiautomator2.server.test
[debug] &amp#27;[38;5;48m[ADB]&amp#27;[0m Checking app cert for C:\Users\frost\IdeaProjects\Appium_Base_Cucumber_POM\apps\ApiDemos.apk
[debug] &amp#27;[38;5;48m[ADB]&amp#27;[0m Running 'C:\Users\frost\AppData\Local\Android\Sdk\platform-tools\adb.exe -P 5037 -s emulator-5554 shell cmd package list packages'
&amp#27;[38;5;48m[ADB]&amp#27;[0m Using 'apksigner.jar' from 'C:\Users\frost\AppData\Local\Android\Sdk\build-tools\35.0.0\lib\apksigner.jar'
[debug] &amp#27;[38;5;48m[ADB]&amp#27;[0m Starting apksigner: 'C:\\Program Files\\Common Files\\Oracle\\Java\\javapath\\java.exe' -Xmx1024M -Xss1m -jar C:\\Users\\frost\\AppData\\Local\\Android\\Sdk\\build-tools\\35.0.0\\lib\\apksigner.jar verify --print-certs C:\\Users\\frost\\IdeaProjects\\Appium_Base_Cucumber_POM\\apps\\ApiDemos.apk
[debug] &amp#27;[38;5;48m[ADB]&amp#27;[0m 'io.appium.uiautomator2.server.test' is installed
[debug] &amp#27;[38;5;48m[ADB]&amp#27;[0m Reading package manifest: 'C:\\Users\\frost\\AppData\\Local\\Android\\Sdk\\build-tools\\35.0.0\\aapt2.exe dump badging C:\\Users\\frost\\.appium\\node_modules\\appium-uiautomator2-driver\\node_modules\\appium-uiautomator2-server\\apks\\appium-uiautomator2-server-v7.0.24.apk'
[debug] &amp#27;[38;5;48m[ADB]&amp#27;[0m The version name of the installed 'io.appium.uiautomator2.server' is greater or equal to the application version name ('7.0.24' >= '7.0.24')
[debug] &amp#27;[38;5;32m[AndroidUiautomator2Driver@25ff]&amp#27;[0m Server packages status: [{"installState":"sameVersionInstalled","appPath":"C:\\Users\\frost\\.appium\\node_modules\\appium-uiautomator2-driver\\node_modules\\appium-uiautomator2-server\\apks\\appium-uiautomator2-server-v7.0.24.apk","appId":"io.appium.uiautomator2.server"},{"installState":"sameVersionInstalled","appPath":"C:\\Users\\frost\\.appium\\node_modules\\appium-uiautomator2-driver\\node_modules\\appium-uiautomator2-server\\apks\\appium-uiautomator2-server-debug-androidTest.apk","appId":"io.appium.uiautomator2.server.test"}]
&amp#27;[38;5;32m[AndroidUiautomator2Driver@25ff]&amp#27;[0m Server packages are not going to be (re)installed
[debug] &amp#27;[38;5;32m[AndroidUiautomator2Driver@25ff]&amp#27;[0m Waiting up to 30000ms for services to be available
[debug] &amp#27;[38;5;48m[ADB]&amp#27;[0m Running 'C:\Users\frost\AppData\Local\Android\Sdk\platform-tools\adb.exe -P 5037 -s emulator-5554 shell pm list instrumentation'
[debug] &amp#27;[38;5;32m[AndroidUiautomator2Driver@25ff]&amp#27;[0m Instrumentation target 'io.appium.uiautomator2.server.test/androidx.test.runner.AndroidJUnitRunner' is available
&amp#27;[38;5;48m[ADB]&amp#27;[0m Adding packages ["io.appium.settings","io.appium.uiautomator2.server","io.appium.uiautomator2.server.test"] to Doze whitelist
[debug] &amp#27;[38;5;48m[ADB]&amp#27;[0m Got the following command chunks to execute: [["dumpsys","deviceidle","whitelist","+io.appium.settings",";","dumpsys","deviceidle","whitelist","+io.appium.uiautomator2.server",";","dumpsys","deviceidle","whitelist","+io.appium.uiautomator2.server.test",";"]]
[debug] &amp#27;[38;5;48m[ADB]&amp#27;[0m Running 'C:\Users\frost\AppData\Local\Android\Sdk\platform-tools\adb.exe -P 5037 -s emulator-5554 shell dumpsys deviceidle whitelist +io.appium.settings ; dumpsys deviceidle whitelist +io.appium.uiautomator2.server ; dumpsys deviceidle whitelist +io.appium.uiautomator2.server.test ;'
[debug] &amp#27;[38;5;48m[ADB]&amp#27;[0m apksigner stdout: Signer #1 certificate DN: C=US, O=Android, CN=Android Debug
Signer #1 certificate SHA-256 digest: ff2c1b0d041edb6e32a5f7c190ca9c3e78c4ca2cddbbb76133fc30c40b291e30
Signer #1 certificate SHA-1 digest: b3de7d52e6aa703f166c4ee6e921c2816278c393
Signer #1 certificate MD5 digest: 7dce13e4e43fbe159a70f7a252cb0acf

&amp#27;[38;5;48m[ADB]&amp#27;[0m 'C:\Users\frost\IdeaProjects\Appium_Base_Cucumber_POM\apps\ApiDemos.apk' is signed with a non-default certificate
[debug] &amp#27;[38;5;48m[ADB]&amp#27;[0m Getting package info for 'io.appium.android.apis'
[debug] &amp#27;[38;5;48m[ADB]&amp#27;[0m Running 'C:\Users\frost\AppData\Local\Android\Sdk\platform-tools\adb.exe -P 5037 -s emulator-5554 shell dumpsys package io.appium.android.apis'
[debug] &amp#27;[38;5;48m[ADB]&amp#27;[0m App 'C:\Users\frost\IdeaProjects\Appium_Base_Cucumber_POM\apps\ApiDemos.apk' is not installed
[debug] &amp#27;[38;5;48m[ADB]&amp#27;[0m Installing 'C:\Users\frost\IdeaProjects\Appium_Base_Cucumber_POM\apps\ApiDemos.apk'
[debug] &amp#27;[38;5;48m[ADB]&amp#27;[0m Running 'C:\Users\frost\AppData\Local\Android\Sdk\platform-tools\adb.exe -P 5037 -s emulator-5554 help'
[debug] &amp#27;[38;5;48m[ADB]&amp#27;[0m Running 'C:\Users\frost\AppData\Local\Android\Sdk\platform-tools\adb.exe -P 5037 -s emulator-5554 features'
&amp#27;[38;5;48m[ADB]&amp#27;[0m The application at 'C:\Users\frost\IdeaProjects\Appium_Base_Cucumber_POM\apps\ApiDemos.apk' will not be cached, because the device under test has confirmed the support of streamed installs
[debug] &amp#27;[38;5;48m[ADB]&amp#27;[0m Running 'C:\Users\frost\AppData\Local\Android\Sdk\platform-tools\adb.exe -P 5037 -s emulator-5554 install C:\Users\frost\IdeaProjects\Appium_Base_Cucumber_POM\apps\ApiDemos.apk'
&amp#27;[38;5;48m[ADB]&amp#27;[0m The installation of 'ApiDemos.apk' took 150ms
[debug] &amp#27;[38;5;48m[ADB]&amp#27;[0m Install command stdout: Performing Streamed Install
Success
[debug] &amp#27;[38;5;32m[AndroidUiautomator2Driver@25ff]&amp#27;[0m Performing shallow cleanup of automation leftovers
[debug] &amp#27;[38;5;32m[AndroidUiautomator2Driver@25ff]&amp#27;[0m The following obsolete sessions are still running: ["b0cb5773-8e75-4d38-98e9-d2b46e7610cd"]
[debug] &amp#27;[38;5;32m[AndroidUiautomator2Driver@25ff]&amp#27;[0m Cleaning up 1 obsolete session
[debug] &amp#27;[38;5;48m[ADB]&amp#27;[0m Running 'C:\Users\frost\AppData\Local\Android\Sdk\platform-tools\adb.exe -P 5037 -s emulator-5554 shell am force-stop io.appium.uiautomator2.server'
[debug] &amp#27;[38;5;48m[ADB]&amp#27;[0m Running 'C:\Users\frost\AppData\Local\Android\Sdk\platform-tools\adb.exe -P 5037 -s emulator-5554 shell am force-stop io.appium.uiautomator2.server.test'
&amp#27;[38;5;32m[AndroidUiautomator2Driver@25ff]&amp#27;[0m Starting UIAutomator2 server 7.0.24
&amp#27;[38;5;32m[AndroidUiautomator2Driver@25ff]&amp#27;[0m Using UIAutomator2 server from 'C:\Users\frost\.appium\node_modules\appium-uiautomator2-driver\node_modules\appium-uiautomator2-server\apks\appium-uiautomator2-server-v7.0.24.apk' and test from 'C:\Users\frost\.appium\node_modules\appium-uiautomator2-driver\node_modules\appium-uiautomator2-server\apks\appium-uiautomator2-server-debug-androidTest.apk'
&amp#27;[38;5;32m[AndroidUiautomator2Driver@25ff]&amp#27;[0m Waiting up to 30000ms for UiAutomator2 to be online...
[debug] &amp#27;[38;5;48m[ADB]&amp#27;[0m Creating ADB subprocess with args: ["-P","5037","-s","emulator-5554","shell","am","instrument","-w","-e","disableAnalytics","true","io.appium.uiautomator2.server.test/androidx.test.runner.AndroidJUnitRunner"]
[debug] &amp#27;[38;5;32m[AndroidUiautomator2Driver@25ff]&amp#27;[0m Matched '/status' to command name 'getStatus'
[debug] &amp#27;[38;5;32m[AndroidUiautomator2Driver@25ff]&amp#27;[0m Proxying [GET /status] to [GET http://127.0.0.1:8200/status] with no body
&amp#27;[38;5;32m[AndroidUiautomator2Driver@25ff]&amp#27;[0m socket hang up
[debug] &amp#27;[38;5;32m[AndroidUiautomator2Driver@25ff]&amp#27;[0m [Instrumentation] 
[debug] &amp#27;[38;5;32m[AndroidUiautomator2Driver@25ff]&amp#27;[0m Matched '/status' to command name 'getStatus'
[debug] &amp#27;[38;5;32m[AndroidUiautomator2Driver@25ff]&amp#27;[0m Proxying [GET /status] to [GET http://127.0.0.1:8200/status] with no body
&amp#27;[38;5;32m[AndroidUiautomator2Driver@25ff]&amp#27;[0m socket hang up
[debug] &amp#27;[38;5;32m[AndroidUiautomator2Driver@25ff]&amp#27;[0m Matched '/status' to command name 'getStatus'
[debug] &amp#27;[38;5;32m[AndroidUiautomator2Driver@25ff]&amp#27;[0m Proxying [GET /status] to [GET http://127.0.0.1:8200/status] with no body
[debug] &amp#27;[38;5;32m[AndroidUiautomator2Driver@25ff]&amp#27;[0m Got response with status 200: {"sessionId":"None","value":{"message":"UiAutomator2 Server is ready to accept commands","ready":true}}
[debug] &amp#27;[38;5;32m[AndroidUiautomator2Driver@25ff]&amp#27;[0m The initialization of the instrumentation process took 2151ms
[debug] &amp#27;[38;5;32m[AndroidUiautomator2Driver@25ff]&amp#27;[0m Matched '/session' to command name 'createSession'
[debug] &amp#27;[38;5;32m[AndroidUiautomator2Driver@25ff]&amp#27;[0m Proxying [POST /session] to [POST http://127.0.0.1:8200/session] with body: {"capabilities":{"firstMatch":[{"platformName":"ANDROID","automationName":"UiAutomator2","deviceName":"emulator-5554","platformVersion":"10.0","app":"C:\\Users\\frost\\IdeaProjects\\Appium_Base_Cucumber_POM\\apps\\ApiDemos.apk","platform":"LINUX","webStorageEnabled":false,"takesScreenshot":true,"javascriptEnabled":true,"databaseEnabled":false,"networkConnectionEnabled":true,"locationContextEnabled":false,"warnings":{},"desired":{"platformName":"ANDROID","automationName":"UiAutomator2","deviceName":"TestAndroidDevice","platformVersion":"10.0","app":"C:\\Users\\frost\\IdeaProjects\\Appium_Base_Cucumber_POM\\apps\\ApiDemos.apk"},"deviceUDID":"emulator-5554","appPackage":"io.appium.android.apis"}],"alwaysMatch":{}}}
[debug] &amp#27;[38;5;32m[AndroidUiautomator2Driver@25ff]&amp#27;[0m Got response with status 200: {"sessionId":"155c6457-4dc0-42d4-8425-894728052e8a","value":{"capabilities":{"firstMatch":[{"platformName":"ANDROID","automationName":"UiAutomator2","deviceName":"emulator-5554","platformVersion":"10.0","app":"C:\\Users\\frost\\IdeaProjects\\Appium_Base_Cucumber_POM\\apps\\ApiDemos.apk","platform":"LINUX","webStorageEnabled":false,"takesScreenshot":true,"javascriptEnabled":true,"databaseEnabled":false,"networkConnectionEnabled":true,"locationContextEnabled":false,"warnings":{},"desired":{"platformName":"ANDROID","automationName":"UiAutomator2","deviceName":"TestAndroidDevice","platformVersion":"10.0","app":"C:\\Users\\frost\\IdeaProjects\\Appium_Base_Cucumber_POM\\apps\\ApiDemos.apk"},"deviceUDID":"emulator-5554","appPackage":"io.appium.android.apis"}],"alwaysMatch":{}},"sessionId":"155c6457-4dc0-42d4-8425-894728052e8a"}}
&amp#27;[38;5;32m[AndroidUiautomator2Driver@25ff]&amp#27;[0m Determined the downstream protocol as 'W3C'
[debug] &amp#27;[38;5;32m[AndroidUiautomator2Driver@25ff]&amp#27;[0m Proxying [GET /appium/device/pixel_ratio] to [GET http://127.0.0.1:8200/session/155c6457-4dc0-42d4-8425-894728052e8a/appium/device/pixel_ratio] with no body
[debug] &amp#27;[38;5;32m[AndroidUiautomator2Driver@25ff]&amp#27;[0m Matched '/appium/device/system_bars' to command name 'getSystemBars'
[debug] &amp#27;[38;5;32m[AndroidUiautomator2Driver@25ff]&amp#27;[0m Proxying [GET /appium/device/system_bars] to [GET http://127.0.0.1:8200/session/155c6457-4dc0-42d4-8425-894728052e8a/appium/device/system_bars] with no body
[debug] &amp#27;[38;5;32m[AndroidUiautomator2Driver@25ff]&amp#27;[0m Matched '/window/current/size' to command name 'getWindowSize'
[debug] &amp#27;[38;5;32m[AndroidUiautomator2Driver@25ff]&amp#27;[0m Proxying [GET /window/current/size] to [GET http://127.0.0.1:8200/session/155c6457-4dc0-42d4-8425-894728052e8a/window/current/size] with no body
[debug] &amp#27;[38;5;32m[AndroidUiautomator2Driver@25ff]&amp#27;[0m Proxying [GET /appium/device/info] to [GET http://127.0.0.1:8200/session/155c6457-4dc0-42d4-8425-894728052e8a/appium/device/info] with no body
[debug] &amp#27;[38;5;48m[ADB]&amp#27;[0m Running 'C:\Users\frost\AppData\Local\Android\Sdk\platform-tools\adb.exe -P 5037 -s emulator-5554 shell dumpsys window'
[debug] &amp#27;[38;5;48m[ADB]&amp#27;[0m Running 'C:\Users\frost\AppData\Local\Android\Sdk\platform-tools\adb.exe -P 5037 -s emulator-5554 shell dumpsys power'
[debug] &amp#27;[38;5;32m[AndroidUiautomator2Driver@25ff]&amp#27;[0m Got response with status 200: {"sessionId":"155c6457-4dc0-42d4-8425-894728052e8a","value":2.75}
[debug] &amp#27;[38;5;32m[AndroidUiautomator2Driver@25ff]&amp#27;[0m Got response with status 200: {"sessionId":"155c6457-4dc0-42d4-8425-894728052e8a","value":{"height":2280,"width":1080}}
[debug] &amp#27;[38;5;32m[AndroidUiautomator2Driver@25ff]&amp#27;[0m Got response with status 200: {"sessionId":"155c6457-4dc0-42d4-8425-894728052e8a","value":{"statusBar":135}}
[debug] &amp#27;[38;5;32m[AndroidUiautomator2Driver@25ff]&amp#27;[0m Got response with status 200: {"sessionId":"155c6457-4dc0-42d4-8425-894728052e8a","value":{"androidId":"eb70b68e4327bd95","apiVersion":"29","bluetooth":null,"brand":"google","carrierName":"Android","displayDensity":440,"locale":"en_US","manufacturer":"Google","model":"Android SDK built for x86","networks":[{"capabilities":{"SSID":null,"linkDownBandwidthKbps":102400,"linkUpstreamBandwidthKbps":51200,"networkCapabilities":"NET_CAPABILITY_MMS,NET_CAPABILITY_SUPL,NET_CAPABILITY_DUN,NET_CAPABILITY_FOTA,NET_CAPABILITY_IMS,NET_CAPABILITY_CBS,NET_CAPABILITY_INTERNET,NET_CAPABILITY_NOT_RESTRICTED,NET_CAPABILITY_TRUSTED,NET_CAPABILITY_NOT_VPN,NET_CAPABILITY_VALIDATED,NET_CAPABILITY_NOT_ROAMING,NET_CAPABILITY_NOT_CONGESTED,NET_CAPABILITY_NOT_SUSPENDED","signalStrength":-2147483648,"transportTypes":"TRANSPORT_CELLULAR"},"detailedState":"CONNECTED","extraInfo":"epc.tmobile.com","isAvailable":true,"isConnected":true,"isFailover":false,"isRoaming":false,"state":"CONNECTED","subtype":13,"subtypeName":"LTE","type":0,"typeName":"MOBILE"},{"capabilities"...
&amp#27;[38;5;32m[AndroidUiautomator2Driver@25ff]&amp#27;[0m Screen already unlocked, doing nothing
&amp#27;[38;5;32m[AndroidUiautomator2Driver@25ff]&amp#27;[0m Starting 'io.appium.android.apis/io.appium.android.apis.ApiDemos and waiting for 'io.appium.android.apis/io.appium.android.apis.ApiDemos'
[debug] &amp#27;[38;5;48m[ADB]&amp#27;[0m Running 'C:\Users\frost\AppData\Local\Android\Sdk\platform-tools\adb.exe -P 5037 -s emulator-5554 shell am start -W -n io.appium.android.apis/io.appium.android.apis.ApiDemos -S -a android.intent.action.MAIN -c android.intent.category.LAUNCHER -f 0x10200000'
[debug] &amp#27;[38;5;48m[ADB]&amp#27;[0m Waiting up to 20000ms for activity matching pkg: 'io.appium.android.apis' and activity: 'io.appium.android.apis.ApiDemos' to be focused
[debug] &amp#27;[38;5;48m[ADB]&amp#27;[0m Possible activities, to be checked: 'io.appium.android.apis.ApiDemos', 'io.appium.android.apis.io.appium.android.apis.ApiDemos'
[debug] &amp#27;[38;5;48m[ADB]&amp#27;[0m Getting focused package and activity
[debug] &amp#27;[38;5;48m[ADB]&amp#27;[0m Running 'C:\Users\frost\AppData\Local\Android\Sdk\platform-tools\adb.exe -P 5037 -s emulator-5554 shell dumpsys window displays'
[debug] &amp#27;[38;5;48m[ADB]&amp#27;[0m Found package: 'io.appium.android.apis' and fully qualified activity name : 'io.appium.android.apis.ApiDemos'
&amp#27;[38;5;16m[AppiumDriver@f5f0]&amp#27;[0m New AndroidUiautomator2Driver session created successfully, session a2e1e39d-f430-4e09-a905-14846dc616ff added to master session list
[debug] &amp#27;[38;5;16m[AppiumDriver@f5f0]&amp#27;[0m Event 'newSessionStarted' logged at 1726426418220 (00:23:38 GMT+0530 (India Standard Time))
[debug] &amp#27;[38;5;32m[AndroidUiautomator2Driver@25ff]&amp#27;[0m Cached the protocol value 'W3C' for the new session a2e1e39d-f430-4e09-a905-14846dc616ff
[debug] &amp#27;[38;5;32m[AndroidUiautomator2Driver@25ff]&amp#27;[0m Responding to client with driver.createSession() result: {"capabilities":{"platformName":"ANDROID","automationName":"UiAutomator2","deviceName":"emulator-5554","platformVersion":"10","app":"C:\\Users\\frost\\IdeaProjects\\Appium_Base_Cucumber_POM\\apps\\ApiDemos.apk","platform":"LINUX","webStorageEnabled":false,"takesScreenshot":true,"javascriptEnabled":true,"databaseEnabled":false,"networkConnectionEnabled":true,"locationContextEnabled":false,"warnings":{},"desired":{"platformName":"ANDROID","automationName":"UiAutomator2","deviceName":"TestAndroidDevice","platformVersion":"10.0","app":"C:\\Users\\frost\\IdeaProjects\\Appium_Base_Cucumber_POM\\apps\\ApiDemos.apk"},"deviceUDID":"emulator-5554","appPackage":"io.appium.android.apis","pixelRatio":"2.75","statBarHeight":135,"viewportRect":{"left":0,"top":135,"width":1080,"height":2145},"deviceApiLevel":29,"deviceManufacturer":"Google","deviceModel":"Android SDK built for x86","deviceScreenSize":"1080x2280","deviceScreenDensity":440}}
&amp#27;[38;5;0m[HTTP]&amp#27;[0m &amp#27;[37m<-- POST /session &amp#27;[39m&amp#27;[32m200&amp#27;[39m &amp#27;[90m5281 ms - 998&amp#27;[39m &amp#27;[90m&amp#27;[39m
&amp#27;[38;5;0m[HTTP]&amp#27;[0m &amp#27;[37m-->&amp#27;[39m &amp#27;[37mPOST&amp#27;[39m &amp#27;[37m/session/a2e1e39d-f430-4e09-a905-14846dc616ff/element&amp#27;[39m &amp#27;[90m{"using":"xpath","value":"//android.widget.TextView[@content-desc='App']"}&amp#27;[39m
[debug] &amp#27;[38;5;32m[AndroidUiautomator2Driver@25ff]&amp#27;[0m Calling AppiumDriver.findElement() with args: ["xpath","//android.widget.TextView[@content-desc='App']","a2e1e39d-f430-4e09-a905-14846dc616ff"]
[debug] &amp#27;[38;5;32m[AndroidUiautomator2Driver@25ff]&amp#27;[0m Valid locator strategies for this request: xpath, id, class name, accessibility id, css selector, -android uiautomator
[debug] &amp#27;[38;5;32m[AndroidUiautomator2Driver@25ff]&amp#27;[0m Waiting up to 0 ms for condition
[debug] &amp#27;[38;5;32m[AndroidUiautomator2Driver@25ff]&amp#27;[0m Matched '/element' to command name 'findElement'
[debug] &amp#27;[38;5;32m[AndroidUiautomator2Driver@25ff]&amp#27;[0m Proxying [POST /element] to [POST http://127.0.0.1:8200/session/155c6457-4dc0-42d4-8425-894728052e8a/element] with body: {"strategy":"xpath","selector":"//android.widget.TextView[@content-desc='App']","context":"","multiple":false}
[debug] &amp#27;[38;5;32m[AndroidUiautomator2Driver@25ff]&amp#27;[0m Got response with status 200: {"sessionId":"155c6457-4dc0-42d4-8425-894728052e8a","value":{"ELEMENT":"00000000-0000-0051-ffff-ffff0000000c","element-6066-11e4-a52e-4f735466cecf":"00000000-0000-0051-ffff-ffff0000000c"}}
[debug] &amp#27;[38;5;32m[AndroidUiautomator2Driver@25ff]&amp#27;[0m Responding to client with driver.findElement() result: {"element-6066-11e4-a52e-4f735466cecf":"00000000-0000-0051-ffff-ffff0000000c","ELEMENT":"00000000-0000-0051-ffff-ffff0000000c"}
&amp#27;[38;5;0m[HTTP]&amp#27;[0m &amp#27;[37m<-- POST /session/a2e1e39d-f430-4e09-a905-14846dc616ff/element &amp#27;[39m&amp#27;[32m200&amp#27;[39m &amp#27;[90m746 ms - 137&amp#27;[39m &amp#27;[90m&amp#27;[39m
&amp#27;[38;5;0m[HTTP]&amp#27;[0m &amp#27;[37m-->&amp#27;[39m &amp#27;[37mPOST&amp#27;[39m &amp#27;[37m/session/a2e1e39d-f430-4e09-a905-14846dc616ff/element/00000000-0000-0051-ffff-ffff0000000c/click&amp#27;[39m &amp#27;[90m{"id":"00000000-0000-0051-ffff-ffff0000000c"}&amp#27;[39m
[debug] &amp#27;[38;5;32m[AndroidUiautomator2Driver@25ff]&amp#27;[0m Calling AppiumDriver.click() with args: ["00000000-0000-0051-ffff-ffff0000000c","a2e1e39d-f430-4e09-a905-14846dc616ff"]
[debug] &amp#27;[38;5;32m[AndroidUiautomator2Driver@25ff]&amp#27;[0m Matched '/element/00000000-0000-0051-ffff-ffff0000000c/click' to command name 'click'
[debug] &amp#27;[38;5;32m[AndroidUiautomator2Driver@25ff]&amp#27;[0m Proxying [POST /element/00000000-0000-0051-ffff-ffff0000000c/click] to [POST http://127.0.0.1:8200/session/155c6457-4dc0-42d4-8425-894728052e8a/element/00000000-0000-0051-ffff-ffff0000000c/click] with body: {"element":"00000000-0000-0051-ffff-ffff0000000c"}
[debug] &amp#27;[38;5;32m[AndroidUiautomator2Driver@25ff]&amp#27;[0m Got response with status 200: {"sessionId":"155c6457-4dc0-42d4-8425-894728052e8a","value":null}
[debug] &amp#27;[38;5;32m[AndroidUiautomator2Driver@25ff]&amp#27;[0m Responding to client with driver.click() result: null
&amp#27;[38;5;0m[HTTP]&amp#27;[0m &amp#27;[37m<-- POST /session/a2e1e39d-f430-4e09-a905-14846dc616ff/element/00000000-0000-0051-ffff-ffff0000000c/click &amp#27;[39m&amp#27;[32m200&amp#27;[39m &amp#27;[90m894 ms - 14&amp#27;[39m &amp#27;[90m&amp#27;[39m
  Given I click on App Option                                          # steps.HomePageSteps.i_click_on_app_option()
&amp#27;[38;5;0m[HTTP]&amp#27;[0m &amp#27;[37m-->&amp#27;[39m &amp#27;[37mGET&amp#27;[39m &amp#27;[37m/session/a2e1e39d-f430-4e09-a905-14846dc616ff/screenshot&amp#27;[39m &amp#27;[90m{}&amp#27;[39m
[debug] &amp#27;[38;5;32m[AndroidUiautomator2Driver@25ff]&amp#27;[0m Calling AppiumDriver.getScreenshot() with args: ["a2e1e39d-f430-4e09-a905-14846dc616ff"]
[debug] &amp#27;[38;5;32m[AndroidUiautomator2Driver@25ff]&amp#27;[0m Matched '/screenshot' to command name 'getScreenshot'
[debug] &amp#27;[38;5;32m[AndroidUiautomator2Driver@25ff]&amp#27;[0m Proxying [GET /screenshot] to [GET http://127.0.0.1:8200/session/155c6457-4dc0-42d4-8425-894728052e8a/screenshot] with no body
[debug] &amp#27;[38;5;32m[AndroidUiautomator2Driver@25ff]&amp#27;[0m Got response with status 200: {"sessionId":"155c6457-4dc0-42d4-8425-894728052e8a","value":"iVBORw0KGgoAAAANSUhEUgAABDgAAAjoCAYAAAA5jhrUAAAAAXNSR0IArs4c6QAAAARzQklUCAgICHwIZIgAACAASURBVHic7N13dNRV/v/x16SSkJCQQgtkgVASSOgS6SBV6cVdV111ERQisrjsCt/FhhUR/LoI6KIrCK660hWwAIoQQhFQejMUiQQIEAKBJBAyvz/8JV9iZlJnJrnx+TiHc5jP/XzufU8MnjOvucXSqFEjqwAAAAAAAAzmVt4FAAAAAAAAlBUBBwAAAAAAMB4BBwAAAAAAMB4BBwAAAAAAMB4BBwAAAAAAMB4BBwAAAAAAMB4BBwAAAAAAMB4BBwAAAAAAMB4BBwAAAAAAMB4BBwAAAAAAMB4BBwAAAAAAMB4BBwAAAAAAMB4BBwAAAAAAMB4BBwAAAAAAMB4BBwAAAAAAMB4BBwAAAAAAMB4BBwAAAAAAMB4BBwAAAAAAMB4BBwAAAAAAMB4BBwAAAAAAMB4BBwAAAAAAMB4BBwAAAAAAMB4BBwAAAAAAMB4BBwAAAAAAMB4BBwAAAAAAMB4BBwAAAAAAMB4BBwAAAAAAMB4BBwAAAAAAMB4BBwAAAAAAMB4BBwAAAAAAMB4BBwAAAAAAMB4BBwAAAAAAMB4BBwAAAAAAMB4BBwAAAAAAMB4BBwAAAAAAMB4BBwAAAAAAMB4BBwAAAAAAMB4BBwAAAAAAMB4BBwAAAAAAMB4BBwAAAAAAMB4BBwAAAAAAMB4BBwAAAAAAMB4BBwAAAAAAMB4BBwAAAAAAMB4BBwAAAAAAMB4BBwAAAAAAMB4BBwAAAAAAMB4BBwAAAAAAMJ5HeRcA3MrX11eenp6yWCwF2qxWqzIyMnT9+vVyqAwAAAAAkGvYsGEKCwsr9J4333zTRdX8wtKoUSOrS0cE7HB3d1dcXJzatWsnb2/vAu1paWn66KOPtHHjRuXk5JRDhQAA...
[debug] &amp#27;[38;5;32m[AndroidUiautomator2Driver@25ff]&amp#27;[0m Responding to client with driver.getScreenshot() result: "iVBORw0KGgoAAAANSUhEUgAABDgAAAjoCAYAAAA5jhrUAAAAAXNSR0IArs4c6QAAAARzQklUCAgICHwIZIgAACAASURBVHic7N13dNRV/v/x16SSkJCQQgtkgVASSOgS6SBV6cVdV111ERQisrjsCt/FhhUR/LoI6KIrCK660hWwAIoQQhFQejMUiQQIEAKBJBAyvz/8JV9iZlJnJrnx+TiHc5jP/XzufU8MnjOvucXSqFEjqwAAAAAAAAzmVt4FAAAAAAAAlBUBBwAAAAAAMB4BBwAAAAAAMB4BBwAAAAAAMB4BBwAAAAAAMB4BBwAAAAAAMB4BBwAAAAAAMB4BBwAAAAAAMB4BBwAAAAAAMB4BBwAAAAAAMB4BBwAAAAAAMB4BBwAAAAAAMB4BBwAAAAAAMB4BBwAAAAAAMB4BBwAAAAAAMB4BBwAAAAAAMB4BBwAAAAAAMB4BBwAAAAAAMB4BBwAAAAAAMB4BBwAAAAAAMB4BBwAAAAAAMB4BBwAAAAAAMB4BBwAAAAAAMB4BBwAAAAAAMB4BBwAAAAAAMB4BBwAAAAAAMB4BBwAAAAAAMB4BBwAAAAAAMB4BBwAAAAAAMB4BBwAAAAAAMB4BBwAAAAAAMB4BBwAAAAAAMB4BBwAAAAAAMB4BBwAAAAAAMB4BBwAAAAAAMB4BBwAAAAAAMB4BBwAAAAAAMB4BBwAAAAAAMB4BBwAAAAAAMB4BBwAAAAAAMB4BBwAAAAAAMB4BBwAAAAAAMB4BBwAAAAAAMB4BBwAAAAAAMB4BBwAAAAAAMB4BBwAAAAAAMB4BBwAAAAAAMB4BBwAAAAAAMJ5HeRcA3MrX11eenp6yWCwF2qxWqzIyMnT9+vVyqAwAAAAAkGvYsGEKCwsr9J4333zTRdX8wtKoUSOrS0cE7HB3d1dcXJzatWsnb2/vAu1paWn66KOPtHHjRuXk5JRDhQAAAABMEBAQoMaNG6tGjRoKCgpStWrVdPnyZV28eFHnzp3T0aNHlZaWVt5lOlxU...
&amp#27;[38;5;0m[HTTP]&amp#27;[0m &amp#27;[37m<-- GET /session/a2e1e39d-f430-4e09-a905-14846dc616ff/screenshot &amp#27;[39m&amp#27;[32m200&amp#27;[39m &amp#27;[90m229 ms - 126588&amp#27;[39m &amp#27;[90m&amp#27;[39m

    Embedding Validate_the_Navigation_of_the_Application_is_Correct_or_Not_20240916002339.png [image/png 94931 bytes]

&amp#27;[38;5;0m[HTTP]&amp#27;[0m &amp#27;[37m-->&amp#27;[39m &amp#27;[37mPOST&amp#27;[39m &amp#27;[37m/session/a2e1e39d-f430-4e09-a905-14846dc616ff/element&amp#27;[39m &amp#27;[90m{"using":"xpath","value":"//android.widget.TextView[@content-desc='Alarm']"}&amp#27;[39m
[debug] &amp#27;[38;5;32m[AndroidUiautomator2Driver@25ff]&amp#27;[0m Calling AppiumDriver.findElement() with args: ["xpath","//android.widget.TextView[@content-desc='Alarm']","a2e1e39d-f430-4e09-a905-14846dc616ff"]
[debug] &amp#27;[38;5;32m[AndroidUiautomator2Driver@25ff]&amp#27;[0m Valid locator strategies for this request: xpath, id, class name, accessibility id, css selector, -android uiautomator
[debug] &amp#27;[38;5;32m[AndroidUiautomator2Driver@25ff]&amp#27;[0m Waiting up to 0 ms for condition
[debug] &amp#27;[38;5;32m[AndroidUiautomator2Driver@25ff]&amp#27;[0m Matched '/element' to command name 'findElement'
[debug] &amp#27;[38;5;32m[AndroidUiautomator2Driver@25ff]&amp#27;[0m Proxying [POST /element] to [POST http://127.0.0.1:8200/session/155c6457-4dc0-42d4-8425-894728052e8a/element] with body: {"strategy":"xpath","selector":"//android.widget.TextView[@content-desc='Alarm']","context":"","multiple":false}
[debug] &amp#27;[38;5;32m[AndroidUiautomator2Driver@25ff]&amp#27;[0m Got response with status 200: {"sessionId":"155c6457-4dc0-42d4-8425-894728052e8a","value":{"ELEMENT":"00000000-0000-0052-ffff-ffff00000021","element-6066-11e4-a52e-4f735466cecf":"00000000-0000-0052-ffff-ffff00000021"}}
[debug] &amp#27;[38;5;32m[AndroidUiautomator2Driver@25ff]&amp#27;[0m Responding to client with driver.findElement() result: {"element-6066-11e4-a52e-4f735466cecf":"00000000-0000-0052-ffff-ffff00000021","ELEMENT":"00000000-0000-0052-ffff-ffff00000021"}
&amp#27;[38;5;0m[HTTP]&amp#27;[0m &amp#27;[37m<-- POST /session/a2e1e39d-f430-4e09-a905-14846dc616ff/element &amp#27;[39m&amp#27;[32m200&amp#27;[39m &amp#27;[90m41 ms - 137&amp#27;[39m &amp#27;[90m&amp#27;[39m
&amp#27;[38;5;0m[HTTP]&amp#27;[0m &amp#27;[37m-->&amp#27;[39m &amp#27;[37mPOST&amp#27;[39m &amp#27;[37m/session/a2e1e39d-f430-4e09-a905-14846dc616ff/element/00000000-0000-0052-ffff-ffff00000021/click&amp#27;[39m &amp#27;[90m{"id":"00000000-0000-0052-ffff-ffff00000021"}&amp#27;[39m
[debug] &amp#27;[38;5;32m[AndroidUiautomator2Driver@25ff]&amp#27;[0m Calling AppiumDriver.click() with args: ["00000000-0000-0052-ffff-ffff00000021","a2e1e39d-f430-4e09-a905-14846dc616ff"]
[debug] &amp#27;[38;5;32m[AndroidUiautomator2Driver@25ff]&amp#27;[0m Matched '/element/00000000-0000-0052-ffff-ffff00000021/click' to command name 'click'
[debug] &amp#27;[38;5;32m[AndroidUiautomator2Driver@25ff]&amp#27;[0m Proxying [POST /element/00000000-0000-0052-ffff-ffff00000021/click] to [POST http://127.0.0.1:8200/session/155c6457-4dc0-42d4-8425-894728052e8a/element/00000000-0000-0052-ffff-ffff00000021/click] with body: {"element":"00000000-0000-0052-ffff-ffff00000021"}
[debug] &amp#27;[38;5;32m[AndroidUiautomator2Driver@25ff]&amp#27;[0m Got response with status 200: {"sessionId":"155c6457-4dc0-42d4-8425-894728052e8a","value":null}
[debug] &amp#27;[38;5;32m[AndroidUiautomator2Driver@25ff]&amp#27;[0m Responding to client with driver.click() result: null
&amp#27;[38;5;0m[HTTP]&amp#27;[0m &amp#27;[37m<-- POST /session/a2e1e39d-f430-4e09-a905-14846dc616ff/element/00000000-0000-0052-ffff-ffff00000021/click &amp#27;[39m&amp#27;[32m200&amp#27;[39m &amp#27;[90m850 ms - 14&amp#27;[39m &amp#27;[90m&amp#27;[39m
  When I click on Alarm Option                                         # steps.HomePageSteps.i_click_on_alarm_option()
&amp#27;[38;5;0m[HTTP]&amp#27;[0m &amp#27;[37m-->&amp#27;[39m &amp#27;[37mGET&amp#27;[39m &amp#27;[37m/session/a2e1e39d-f430-4e09-a905-14846dc616ff/screenshot&amp#27;[39m &amp#27;[90m{}&amp#27;[39m
[debug] &amp#27;[38;5;32m[AndroidUiautomator2Driver@25ff]&amp#27;[0m Calling AppiumDriver.getScreenshot() with args: ["a2e1e39d-f430-4e09-a905-14846dc616ff"]
[debug] &amp#27;[38;5;32m[AndroidUiautomator2Driver@25ff]&amp#27;[0m Matched '/screenshot' to command name 'getScreenshot'
[debug] &amp#27;[38;5;32m[AndroidUiautomator2Driver@25ff]&amp#27;[0m Proxying [GET /screenshot] to [GET http://127.0.0.1:8200/session/155c6457-4dc0-42d4-8425-894728052e8a/screenshot] with no body
[debug] &amp#27;[38;5;32m[AndroidUiautomator2Driver@25ff]&amp#27;[0m Got response with status 200: {"sessionId":"155c6457-4dc0-42d4-8425-894728052e8a","value":"iVBORw0KGgoAAAANSUhEUgAABDgAAAjoCAYAAAA5jhrUAAAAAXNSR0IArs4c6QAAAARzQklUCAgICHwIZIgAACAASURBVHic7N13VNRX/v/x11AFQZBiQ1kVCyjYI7FrrFl7yW42ZpOsaUqMa9Zs9KxppmyM0WyKmrLZ2NI29qyapolRxBJL7C1YIhEVG4oCiszvj/zgK2EGBpgZuOT5OMdzmM/9fO59D4GcMy9usTRq1MgqAAAAAAAAg3mUdwEAAAAAAABlRcABAAAAAACMR8ABAAAAAACMR8ABAAAAAACMR8ABAAAAAACMR8ABAAAAAACMR8ABAAAAAACMR8ABAAAAAACMR8ABAAAAAACMR8ABAAAAAACMR8ABAAAAAACMR8ABAAAAAACMR8ABAAAAAACMR8ABAAAAAACMR8ABAAAAAACMR8ABAAAAAACMR8ABAAAAAACMR8ABAAAAAACMR8ABAAAAAACMR8ABAAAAAACMR8ABAAAAAACMR8ABAAAAAACMR8ABAAAAAACMR8ABAAAAAACMR8ABAAAAAACMR8ABAAAAAACMR8ABAAAAAACMR8ABAAAAAACMR8ABAAAAAACMR8ABAAAAAACMR8ABAAAAAACMR8ABAAAAAACMR8ABAAAAAACMR8ABAAAAAACMR8ABAAAAAACMR8ABAAAAAACMR8ABAAAAAACMR8ABAAAAAACMR8ABAAAAAACMR8ABAAAAAACMR8ABAAAAAACMR8ABAAAAAACMR8ABAAAAAACMR8ABAAAAAACMR8ABAAAAAACMR8ABAAAAAACMR8ABAAAAAACMR8ABAAAAAACM51XeBQA38/f3l7e3tywWS6E2q9WqzMxMXbt2rRwqAwAAAADkGTZsmCIiIoq8580333RTNb+wNGrUyOrWEQE7PD09lZCQoHbt2snX17dQe3p6uj7++GOtW7dOubm55VAhAAAA...
[debug] &amp#27;[38;5;32m[AndroidUiautomator2Driver@25ff]&amp#27;[0m Responding to client with driver.getScreenshot() result: "iVBORw0KGgoAAAANSUhEUgAABDgAAAjoCAYAAAA5jhrUAAAAAXNSR0IArs4c6QAAAARzQklUCAgICHwIZIgAACAASURBVHic7N13VNRX/v/x11AFQZBiQ1kVCyjYI7FrrFl7yW42ZpOsaUqMa9Zs9KxppmyM0WyKmrLZ2NI29qyapolRxBJL7C1YIhEVG4oCiszvj/zgK2EGBpgZuOT5OMdzmM/9fO59D4GcMy9usTRq1MgqAAAAAAAAg3mUdwEAAAAAAABlRcABAAAAAACMR8ABAAAAAACMR8ABAAAAAACMR8ABAAAAAACMR8ABAAAAAACMR8ABAAAAAACMR8ABAAAAAACMR8ABAAAAAACMR8ABAAAAAACMR8ABAAAAAACMR8ABAAAAAACMR8ABAAAAAACMR8ABAAAAAACMR8ABAAAAAACMR8ABAAAAAACMR8ABAAAAAACMR8ABAAAAAACMR8ABAAAAAACMR8ABAAAAAACMR8ABAAAAAACMR8ABAAAAAACMR8ABAAAAAACMR8ABAAAAAACMR8ABAAAAAACMR8ABAAAAAACMR8ABAAAAAACMR8ABAAAAAACMR8ABAAAAAACMR8ABAAAAAACMR8ABAAAAAACMR8ABAAAAAACMR8ABAAAAAACMR8ABAAAAAACMR8ABAAAAAACMR8ABAAAAAACMR8ABAAAAAACMR8ABAAAAAACMR8ABAAAAAACMR8ABAAAAAACMR8ABAAAAAACMR8ABAAAAAACMR8ABAAAAAACMR8ABAAAAAACMR8ABAAAAAACMR8ABAAAAAACMR8ABAAAAAACMR8ABAAAAAACM51XeBQA38/f3l7e3tywWS6E2q9WqzMxMXbt2rRwqAwAAAADkGTZsmCIiIoq8580333RTNb+wNGrUyOrWEQE7PD09lZCQoHbt2snX17dQe3p6uj7++GOtW7dOubm55VAhAAAAABMEBQWpcePGqlGjhkJCQlStWjVdunRJ58+f15kzZ3T48GGlp6eXd5lOFxMT...
&amp#27;[38;5;0m[HTTP]&amp#27;[0m &amp#27;[37m<-- GET /session/a2e1e39d-f430-4e09-a905-14846dc616ff/screenshot &amp#27;[39m&amp#27;[32m200&amp#27;[39m &amp#27;[90m206 ms - 56608&amp#27;[39m &amp#27;[90m&amp#27;[39m

    Embedding Validate_the_Navigation_of_the_Application_is_Correct_or_Not_20240916002341.png [image/png 42447 bytes]

&amp#27;[38;5;0m[HTTP]&amp#27;[0m &amp#27;[37m-->&amp#27;[39m &amp#27;[37mDELETE&amp#27;[39m &amp#27;[37m/session/a2e1e39d-f430-4e09-a905-14846dc616ff&amp#27;[39m &amp#27;[90m{}&amp#27;[39m
[debug] &amp#27;[38;5;32m[AndroidUiautomator2Driver@25ff]&amp#27;[0m Calling AppiumDriver.deleteSession() with args: ["a2e1e39d-f430-4e09-a905-14846dc616ff"]
[debug] &amp#27;[38;5;16m[AppiumDriver@f5f0]&amp#27;[0m Event 'quitSessionRequested' logged at 1726426421317 (00:23:41 GMT+0530 (India Standard Time))
&amp#27;[38;5;16m[AppiumDriver@f5f0]&amp#27;[0m Removing session a2e1e39d-f430-4e09-a905-14846dc616ff from our master session list
[debug] &amp#27;[38;5;32m[AndroidUiautomator2Driver@25ff]&amp#27;[0m Deleting UiAutomator2 session
[debug] &amp#27;[38;5;32m[AndroidUiautomator2Driver@25ff]&amp#27;[0m Deleting UiAutomator2 server session
[debug] &amp#27;[38;5;32m[AndroidUiautomator2Driver@25ff]&amp#27;[0m Matched '/' to command name 'deleteSession'
[debug] &amp#27;[38;5;32m[AndroidUiautomator2Driver@25ff]&amp#27;[0m Proxying [DELETE /] to [DELETE http://127.0.0.1:8200/session/155c6457-4dc0-42d4-8425-894728052e8a] with no body
[debug] &amp#27;[38;5;32m[AndroidUiautomator2Driver@25ff]&amp#27;[0m Got response with status 200: {"sessionId":"155c6457-4dc0-42d4-8425-894728052e8a","value":null}
[debug] &amp#27;[38;5;32m[AndroidUiautomator2Driver@25ff]&amp#27;[0m [Instrumentation] io.appium.uiautomator2.server.test.AppiumUiAutomator2Server:
[debug] &amp#27;[38;5;32m[AndroidUiautomator2Driver@25ff]&amp#27;[0m [Instrumentation] The process has exited with code null, signal SIGTERM
[debug] &amp#27;[38;5;48m[ADB]&amp#27;[0m Running 'C:\Users\frost\AppData\Local\Android\Sdk\platform-tools\adb.exe -P 5037 -s emulator-5554 shell dumpsys activity services io.appium.settings/.recorder.RecorderService'
[debug] &amp#27;[38;5;48m[ADB]&amp#27;[0m Running 'C:\Users\frost\AppData\Local\Android\Sdk\platform-tools\adb.exe -P 5037 -s emulator-5554 shell am force-stop io.appium.android.apis'
[debug] &amp#27;[38;5;48m[ADB]&amp#27;[0m Removing forwarded port socket connection: 8200 
[debug] &amp#27;[38;5;48m[ADB]&amp#27;[0m Running 'C:\Users\frost\AppData\Local\Android\Sdk\platform-tools\adb.exe -P 5037 -s emulator-5554 forward --remove tcp:8200'
&amp#27;[38;5;32m[AndroidUiautomator2Driver@25ff]&amp#27;[0m Restoring hidden api policy to the device default configuration
[debug] &amp#27;[38;5;48m[ADB]&amp#27;[0m Running 'C:\Users\frost\AppData\Local\Android\Sdk\platform-tools\adb.exe -P 5037 -s emulator-5554 shell 'settings delete global hidden_api_policy_pre_p_apps;settings delete global hidden_api_policy_p_apps;settings delete global hidden_api_policy''
[debug] &amp#27;[38;5;80m[Logcat]&amp#27;[0m Stopping logcat capture
[debug] &amp#27;[38;5;16m[AppiumDriver@f5f0]&amp#27;[0m Event 'quitSessionFinished' logged at 1726426421562 (00:23:41 GMT+0530 (India Standard Time))
[debug] &amp#27;[38;5;16m[AppiumDriver@f5f0]&amp#27;[0m Received response: null
[debug] &amp#27;[38;5;16m[AppiumDriver@f5f0]&amp#27;[0m But deleting session, so not returning
[debug] &amp#27;[38;5;16m[AppiumDriver@f5f0]&amp#27;[0m Responding to client with driver.deleteSession() result: null
&amp#27;[38;5;0m[HTTP]&amp#27;[0m &amp#27;[37m<-- DELETE /session/a2e1e39d-f430-4e09-a905-14846dc616ff &amp#27;[39m&amp#27;[32m200&amp#27;[39m &amp#27;[90m246 ms - 14&amp#27;[39m &amp#27;[90m&amp#27;[39m
******************** Stop the Appium server ************************
]]></system-out>
    <system-err><![CDATA[SLF4J(W): No SLF4J providers were found.
SLF4J(W): Defaulting to no-operation (NOP) logger implementation
SLF4J(W): See https://www.slf4j.org/codes.html#noProviders for further details.
]]></system-err>
  </testcase>
</testsuite>